mode: atomic
github.com/alenon/gokanon/internal/aianalyzer/aianalyzer.go:27.52,28.21 1 4
github.com/alenon/gokanon/internal/aianalyzer/aianalyzer.go:28.21,30.3 1 3
github.com/alenon/gokanon/internal/aianalyzer/aianalyzer.go:32.2,35.25 3 1
github.com/alenon/gokanon/internal/aianalyzer/aianalyzer.go:36.16,37.44 1 0
github.com/alenon/gokanon/internal/aianalyzer/aianalyzer.go:38.14,39.42 1 0
github.com/alenon/gokanon/internal/aianalyzer/aianalyzer.go:40.16,41.44 1 0
github.com/alenon/gokanon/internal/aianalyzer/aianalyzer.go:42.29,43.47 1 0
github.com/alenon/gokanon/internal/aianalyzer/aianalyzer.go:44.16,45.44 1 0
github.com/alenon/gokanon/internal/aianalyzer/aianalyzer.go:46.37,47.54 1 0
github.com/alenon/gokanon/internal/aianalyzer/aianalyzer.go:48.10,49.145 1 1
github.com/alenon/gokanon/internal/aianalyzer/aianalyzer.go:52.2,52.16 1 0
github.com/alenon/gokanon/internal/aianalyzer/aianalyzer.go:52.16,54.3 1 0
github.com/alenon/gokanon/internal/aianalyzer/aianalyzer.go:56.2,59.8 1 0
github.com/alenon/gokanon/internal/aianalyzer/aianalyzer.go:63.38,73.24 2 2
github.com/alenon/gokanon/internal/aianalyzer/aianalyzer.go:73.24,74.26 1 1
github.com/alenon/gokanon/internal/aianalyzer/aianalyzer.go:75.17,76.29 1 1
github.com/alenon/gokanon/internal/aianalyzer/aianalyzer.go:77.15,78.44 1 0
github.com/alenon/gokanon/internal/aianalyzer/aianalyzer.go:79.17,80.27 1 0
github.com/alenon/gokanon/internal/aianalyzer/aianalyzer.go:81.30,82.47 1 0
github.com/alenon/gokanon/internal/aianalyzer/aianalyzer.go:83.17,84.37 1 0
github.com/alenon/gokanon/internal/aianalyzer/aianalyzer.go:85.38,86.28 1 0
github.com/alenon/gokanon/internal/aianalyzer/aianalyzer.go:91.2,91.26 1 2
github.com/alenon/gokanon/internal/aianalyzer/aianalyzer.go:91.26,92.26 1 2
github.com/alenon/gokanon/internal/aianalyzer/aianalyzer.go:93.17,94.45 1 1
github.com/alenon/gokanon/internal/aianalyzer/aianalyzer.go:95.15,96.53 1 1
github.com/alenon/gokanon/internal/aianalyzer/aianalyzer.go:97.17,98.45 1 0
github.com/alenon/gokanon/internal/aianalyzer/aianalyzer.go:99.30,100.48 1 0
github.com/alenon/gokanon/internal/aianalyzer/aianalyzer.go:101.17,102.64 1 0
github.com/alenon/gokanon/internal/aianalyzer/aianalyzer.go:103.38,104.44 1 0
github.com/alenon/gokanon/internal/aianalyzer/aianalyzer.go:108.2,108.28 1 2
github.com/alenon/gokanon/internal/aianalyzer/aianalyzer.go:112.106,113.44 1 2
github.com/alenon/gokanon/internal/aianalyzer/aianalyzer.go:113.44,115.3 1 1
github.com/alenon/gokanon/internal/aianalyzer/aianalyzer.go:118.2,119.16 2 1
github.com/alenon/gokanon/internal/aianalyzer/aianalyzer.go:119.16,121.3 1 0
github.com/alenon/gokanon/internal/aianalyzer/aianalyzer.go:124.2,126.16 3 1
github.com/alenon/gokanon/internal/aianalyzer/aianalyzer.go:126.16,128.3 1 0
github.com/alenon/gokanon/internal/aianalyzer/aianalyzer.go:131.2,132.16 2 1
github.com/alenon/gokanon/internal/aianalyzer/aianalyzer.go:132.16,135.3 1 0
github.com/alenon/gokanon/internal/aianalyzer/aianalyzer.go:138.2,140.23 3 1
github.com/alenon/gokanon/internal/aianalyzer/aianalyzer.go:144.124,145.44 1 2
github.com/alenon/gokanon/internal/aianalyzer/aianalyzer.go:145.44,147.3 1 1
github.com/alenon/gokanon/internal/aianalyzer/aianalyzer.go:150.2,155.16 4 1
github.com/alenon/gokanon/internal/aianalyzer/aianalyzer.go:155.16,157.3 1 0
github.com/alenon/gokanon/internal/aianalyzer/aianalyzer.go:159.2,159.22 1 1
github.com/alenon/gokanon/internal/aianalyzer/aianalyzer.go:163.90,175.16 3 2
github.com/alenon/gokanon/internal/aianalyzer/aianalyzer.go:175.16,177.3 1 0
github.com/alenon/gokanon/internal/aianalyzer/aianalyzer.go:179.2,179.26 1 2
github.com/alenon/gokanon/internal/aianalyzer/aianalyzer.go:183.122,200.2 3 2
github.com/alenon/gokanon/internal/aianalyzer/aianalyzer.go:203.119,206.75 2 1
github.com/alenon/gokanon/internal/aianalyzer/aianalyzer.go:206.75,209.3 1 1
github.com/alenon/gokanon/internal/aianalyzer/aianalyzer.go:212.2,213.21 2 0
github.com/alenon/gokanon/internal/aianalyzer/aianalyzer.go:213.21,215.3 1 0
github.com/alenon/gokanon/internal/aianalyzer/aianalyzer.go:218.2,218.22 1 0
github.com/alenon/gokanon/internal/aianalyzer/aianalyzer.go:218.22,228.3 2 0
github.com/alenon/gokanon/internal/aianalyzer/aianalyzer.go:230.2,230.33 1 0
github.com/alenon/gokanon/internal/aianalyzer/aianalyzer.go:234.91,240.29 3 1
github.com/alenon/gokanon/internal/aianalyzer/aianalyzer.go:240.29,242.17 2 0
github.com/alenon/gokanon/internal/aianalyzer/aianalyzer.go:242.17,245.4 2 0
github.com/alenon/gokanon/internal/aianalyzer/aianalyzer.go:249.2,249.23 1 1
github.com/alenon/gokanon/internal/aianalyzer/aianalyzer.go:249.23,251.17 2 1
github.com/alenon/gokanon/internal/aianalyzer/aianalyzer.go:251.17,253.22 1 1
github.com/alenon/gokanon/internal/aianalyzer/aianalyzer.go:253.22,255.5 1 0
github.com/alenon/gokanon/internal/aianalyzer/aianalyzer.go:256.4,257.20 2 1
github.com/alenon/gokanon/internal/aianalyzer/aianalyzer.go:261.2,261.15 1 1
github.com/alenon/gokanon/internal/aianalyzer/aianalyzer.go:265.57,266.42 1 8
github.com/alenon/gokanon/internal/aianalyzer/aianalyzer.go:266.42,268.3 1 4
github.com/alenon/gokanon/internal/aianalyzer/aianalyzer.go:269.2,269.21 1 4
github.com/alenon/gokanon/internal/aianalyzer/prompts.go:13.56,47.2 1 2
github.com/alenon/gokanon/internal/aianalyzer/prompts.go:50.59,63.2 1 2
github.com/alenon/gokanon/internal/aianalyzer/prompts.go:66.60,72.22 4 6
github.com/alenon/gokanon/internal/aianalyzer/prompts.go:72.22,74.69 2 2
github.com/alenon/gokanon/internal/aianalyzer/prompts.go:74.69,76.4 1 2
github.com/alenon/gokanon/internal/aianalyzer/prompts.go:80.2,82.17 3 4
github.com/alenon/gokanon/internal/aianalyzer/prompts.go:82.17,84.64 2 1
github.com/alenon/gokanon/internal/aianalyzer/prompts.go:84.64,86.4 1 1
github.com/alenon/gokanon/internal/aianalyzer/prompts.go:90.2,91.26 2 3
github.com/alenon/gokanon/internal/aianalyzer/prompts.go:91.26,93.3 1 1
github.com/alenon/gokanon/internal/aianalyzer/prompts.go:95.2,95.12 1 2
github.com/alenon/gokanon/internal/aianalyzer/prompts.go:99.64,106.29 4 10
github.com/alenon/gokanon/internal/aianalyzer/prompts.go:106.29,108.17 2 26
github.com/alenon/gokanon/internal/aianalyzer/prompts.go:108.17,109.12 1 4
github.com/alenon/gokanon/internal/aianalyzer/prompts.go:113.3,114.51 1 22
github.com/alenon/gokanon/internal/aianalyzer/prompts.go:114.51,116.32 1 17
github.com/alenon/gokanon/internal/aianalyzer/prompts.go:116.32,118.5 1 10
github.com/alenon/gokanon/internal/aianalyzer/prompts.go:121.4,129.5 2 17
github.com/alenon/gokanon/internal/aianalyzer/prompts.go:130.9,130.38 1 5
github.com/alenon/gokanon/internal/aianalyzer/prompts.go:130.38,133.4 1 3
github.com/alenon/gokanon/internal/aianalyzer/prompts.go:137.2,137.30 1 10
github.com/alenon/gokanon/internal/aianalyzer/prompts.go:137.30,139.3 1 7
github.com/alenon/gokanon/internal/aianalyzer/prompts.go:141.2,141.20 1 10
github.com/alenon/gokanon/internal/aianalyzer/prompts.go:145.36,148.77 2 25
github.com/alenon/gokanon/internal/aianalyzer/prompts.go:148.77,150.3 1 4
github.com/alenon/gokanon/internal/aianalyzer/prompts.go:151.2,152.68 1 21
github.com/alenon/gokanon/internal/aianalyzer/prompts.go:152.68,154.3 1 5
github.com/alenon/gokanon/internal/aianalyzer/prompts.go:155.2,155.83 1 16
github.com/alenon/gokanon/internal/aianalyzer/prompts.go:155.83,157.3 1 1
github.com/alenon/gokanon/internal/aianalyzer/prompts.go:158.2,158.18 1 15
github.com/alenon/gokanon/internal/aianalyzer/prompts.go:162.40,165.36 2 24
github.com/alenon/gokanon/internal/aianalyzer/prompts.go:165.36,167.3 1 3
github.com/alenon/gokanon/internal/aianalyzer/prompts.go:168.2,168.83 1 21
github.com/alenon/gokanon/internal/aianalyzer/prompts.go:168.83,170.3 1 2
github.com/alenon/gokanon/internal/aianalyzer/prompts.go:171.2,171.14 1 19
github.com/alenon/gokanon/internal/aianalyzer/prompts.go:175.42,178.65 2 22
github.com/alenon/gokanon/internal/aianalyzer/prompts.go:178.65,180.3 1 2
github.com/alenon/gokanon/internal/aianalyzer/prompts.go:183.2,184.69 2 20
github.com/alenon/gokanon/internal/aianalyzer/prompts.go:184.69,186.3 1 1
github.com/alenon/gokanon/internal/aianalyzer/prompts.go:188.2,188.18 1 19
github.com/alenon/gokanon/internal/aianalyzer/prompts.go:192.39,195.20 2 21
github.com/alenon/gokanon/internal/aianalyzer/prompts.go:195.20,197.23 2 21
github.com/alenon/gokanon/internal/aianalyzer/prompts.go:197.23,199.4 1 1
github.com/alenon/gokanon/internal/aianalyzer/prompts.go:200.3,200.15 1 20
github.com/alenon/gokanon/internal/aianalyzer/prompts.go:202.2,202.37 1 0
github.com/alenon/gokanon/internal/aianalyzer/providers.go:25.64,33.2 1 0
github.com/alenon/gokanon/internal/aianalyzer/providers.go:36.65,48.16 3 0
github.com/alenon/gokanon/internal/aianalyzer/providers.go:48.16,50.3 1 0
github.com/alenon/gokanon/internal/aianalyzer/providers.go:52.2,54.16 3 0
github.com/alenon/gokanon/internal/aianalyzer/providers.go:54.16,56.3 1 0
github.com/alenon/gokanon/internal/aianalyzer/providers.go:57.2,59.38 2 0
github.com/alenon/gokanon/internal/aianalyzer/providers.go:59.38,62.3 2 0
github.com/alenon/gokanon/internal/aianalyzer/providers.go:64.2,68.69 2 0
github.com/alenon/gokanon/internal/aianalyzer/providers.go:68.69,70.3 1 0
github.com/alenon/gokanon/internal/aianalyzer/providers.go:72.2,72.31 1 0
github.com/alenon/gokanon/internal/aianalyzer/providers.go:84.60,85.25 1 0
github.com/alenon/gokanon/internal/aianalyzer/providers.go:85.25,87.3 1 0
github.com/alenon/gokanon/internal/aianalyzer/providers.go:89.2,96.8 1 0
github.com/alenon/gokanon/internal/aianalyzer/providers.go:100.63,118.16 3 0
github.com/alenon/gokanon/internal/aianalyzer/providers.go:118.16,120.3 1 0
github.com/alenon/gokanon/internal/aianalyzer/providers.go:122.2,124.16 3 0
github.com/alenon/gokanon/internal/aianalyzer/providers.go:124.16,126.3 1 0
github.com/alenon/gokanon/internal/aianalyzer/providers.go:128.2,132.16 4 0
github.com/alenon/gokanon/internal/aianalyzer/providers.go:132.16,134.3 1 0
github.com/alenon/gokanon/internal/aianalyzer/providers.go:135.2,137.38 2 0
github.com/alenon/gokanon/internal/aianalyzer/providers.go:137.38,140.3 2 0
github.com/alenon/gokanon/internal/aianalyzer/providers.go:142.2,150.69 2 0
github.com/alenon/gokanon/internal/aianalyzer/providers.go:150.69,152.3 1 0
github.com/alenon/gokanon/internal/aianalyzer/providers.go:154.2,154.32 1 0
github.com/alenon/gokanon/internal/aianalyzer/providers.go:154.32,156.3 1 0
github.com/alenon/gokanon/internal/aianalyzer/providers.go:158.2,158.49 1 0
github.com/alenon/gokanon/internal/aianalyzer/providers.go:170.64,171.25 1 0
github.com/alenon/gokanon/internal/aianalyzer/providers.go:171.25,173.3 1 0
github.com/alenon/gokanon/internal/aianalyzer/providers.go:175.2,182.8 1 0
github.com/alenon/gokanon/internal/aianalyzer/providers.go:186.65,204.16 3 0
github.com/alenon/gokanon/internal/aianalyzer/providers.go:204.16,206.3 1 0
github.com/alenon/gokanon/internal/aianalyzer/providers.go:208.2,210.16 3 0
github.com/alenon/gokanon/internal/aianalyzer/providers.go:210.16,212.3 1 0
github.com/alenon/gokanon/internal/aianalyzer/providers.go:214.2,218.16 4 0
github.com/alenon/gokanon/internal/aianalyzer/providers.go:218.16,220.3 1 0
github.com/alenon/gokanon/internal/aianalyzer/providers.go:221.2,223.38 2 0
github.com/alenon/gokanon/internal/aianalyzer/providers.go:223.38,226.3 2 0
github.com/alenon/gokanon/internal/aianalyzer/providers.go:228.2,236.69 2 0
github.com/alenon/gokanon/internal/aianalyzer/providers.go:236.69,238.3 1 0
github.com/alenon/gokanon/internal/aianalyzer/providers.go:240.2,240.32 1 0
github.com/alenon/gokanon/internal/aianalyzer/providers.go:240.32,242.3 1 0
github.com/alenon/gokanon/internal/aianalyzer/providers.go:244.2,244.49 1 0
github.com/alenon/gokanon/internal/aianalyzer/providers.go:256.70,257.25 1 0
github.com/alenon/gokanon/internal/aianalyzer/providers.go:257.25,259.3 1 0
github.com/alenon/gokanon/internal/aianalyzer/providers.go:261.2,268.8 1 0
github.com/alenon/gokanon/internal/aianalyzer/providers.go:272.68,286.16 3 0
github.com/alenon/gokanon/internal/aianalyzer/providers.go:286.16,288.3 1 0
github.com/alenon/gokanon/internal/aianalyzer/providers.go:290.2,292.16 3 0
github.com/alenon/gokanon/internal/aianalyzer/providers.go:292.16,294.3 1 0
github.com/alenon/gokanon/internal/aianalyzer/providers.go:296.2,301.16 5 0
github.com/alenon/gokanon/internal/aianalyzer/providers.go:301.16,303.3 1 0
github.com/alenon/gokanon/internal/aianalyzer/providers.go:304.2,306.38 2 0
github.com/alenon/gokanon/internal/aianalyzer/providers.go:306.38,309.3 2 0
github.com/alenon/gokanon/internal/aianalyzer/providers.go:311.2,318.69 2 0
github.com/alenon/gokanon/internal/aianalyzer/providers.go:318.69,320.3 1 0
github.com/alenon/gokanon/internal/aianalyzer/providers.go:322.2,322.32 1 0
github.com/alenon/gokanon/internal/aianalyzer/providers.go:322.32,324.3 1 0
github.com/alenon/gokanon/internal/aianalyzer/providers.go:327.2,328.43 2 0
github.com/alenon/gokanon/internal/aianalyzer/providers.go:328.43,329.29 1 0
github.com/alenon/gokanon/internal/aianalyzer/providers.go:329.29,331.4 1 0
github.com/alenon/gokanon/internal/aianalyzer/providers.go:334.2,334.18 1 0
github.com/alenon/gokanon/internal/aianalyzer/providers.go:334.18,336.3 1 0
github.com/alenon/gokanon/internal/aianalyzer/providers.go:338.2,338.20 1 0
github.com/alenon/gokanon/internal/aianalyzer/providers.go:352.84,362.2 1 0
github.com/alenon/gokanon/internal/aianalyzer/providers.go:365.75,383.16 3 0
github.com/alenon/gokanon/internal/aianalyzer/providers.go:383.16,385.3 1 0
github.com/alenon/gokanon/internal/aianalyzer/providers.go:388.2,389.55 2 0
github.com/alenon/gokanon/internal/aianalyzer/providers.go:389.55,391.3 1 0
github.com/alenon/gokanon/internal/aianalyzer/providers.go:393.2,394.16 2 0
github.com/alenon/gokanon/internal/aianalyzer/providers.go:394.16,396.3 1 0
github.com/alenon/gokanon/internal/aianalyzer/providers.go:398.2,399.20 2 0
github.com/alenon/gokanon/internal/aianalyzer/providers.go:399.20,401.3 1 0
github.com/alenon/gokanon/internal/aianalyzer/providers.go:403.2,404.16 2 0
github.com/alenon/gokanon/internal/aianalyzer/providers.go:404.16,406.3 1 0
github.com/alenon/gokanon/internal/aianalyzer/providers.go:407.2,409.38 2 0
github.com/alenon/gokanon/internal/aianalyzer/providers.go:409.38,412.3 2 0
github.com/alenon/gokanon/internal/aianalyzer/providers.go:414.2,422.69 2 0
github.com/alenon/gokanon/internal/aianalyzer/providers.go:422.69,424.3 1 0
github.com/alenon/gokanon/internal/aianalyzer/providers.go:426.2,426.32 1 0
github.com/alenon/gokanon/internal/aianalyzer/providers.go:426.32,428.3 1 0
github.com/alenon/gokanon/internal/aianalyzer/providers.go:430.2,430.49 1 0
github.com/alenon/gokanon/internal/aianalyzer/providers.go:442.64,443.25 1 0
github.com/alenon/gokanon/internal/aianalyzer/providers.go:443.25,445.3 1 0
github.com/alenon/gokanon/internal/aianalyzer/providers.go:447.2,454.8 1 0
github.com/alenon/gokanon/internal/aianalyzer/providers.go:458.65,476.16 3 0
github.com/alenon/gokanon/internal/aianalyzer/providers.go:476.16,478.3 1 0
github.com/alenon/gokanon/internal/aianalyzer/providers.go:481.2,483.16 3 0
github.com/alenon/gokanon/internal/aianalyzer/providers.go:483.16,485.3 1 0
github.com/alenon/gokanon/internal/aianalyzer/providers.go:487.2,490.16 3 0
github.com/alenon/gokanon/internal/aianalyzer/providers.go:490.16,492.3 1 0
github.com/alenon/gokanon/internal/aianalyzer/providers.go:493.2,495.38 2 0
github.com/alenon/gokanon/internal/aianalyzer/providers.go:495.38,498.3 2 0
github.com/alenon/gokanon/internal/aianalyzer/providers.go:500.2,510.69 2 0
github.com/alenon/gokanon/internal/aianalyzer/providers.go:510.69,512.3 1 0
github.com/alenon/gokanon/internal/aianalyzer/providers.go:514.2,514.85 1 0
github.com/alenon/gokanon/internal/aianalyzer/providers.go:514.85,516.3 1 0
github.com/alenon/gokanon/internal/aianalyzer/providers.go:519.2,520.60 2 0
github.com/alenon/gokanon/internal/aianalyzer/providers.go:520.60,522.3 1 0
github.com/alenon/gokanon/internal/aianalyzer/providers.go:524.2,524.18 1 0
github.com/alenon/gokanon/internal/aianalyzer/providers.go:524.18,526.3 1 0
github.com/alenon/gokanon/internal/aianalyzer/providers.go:528.2,528.20 1 0
github.com/alenon/gokanon/internal/cli/commands/baseline.go:15.23,16.22 1 4
github.com/alenon/gokanon/internal/cli/commands/baseline.go:16.22,36.3 19 0
github.com/alenon/gokanon/internal/cli/commands/baseline.go:38.2,40.20 2 4
github.com/alenon/gokanon/internal/cli/commands/baseline.go:41.14,42.24 1 1
github.com/alenon/gokanon/internal/cli/commands/baseline.go:43.14,44.24 1 1
github.com/alenon/gokanon/internal/cli/commands/baseline.go:45.14,46.24 1 0
github.com/alenon/gokanon/internal/cli/commands/baseline.go:47.16,48.26 1 1
github.com/alenon/gokanon/internal/cli/commands/baseline.go:49.10,55.4 1 1
github.com/alenon/gokanon/internal/cli/commands/baseline.go:60.27,68.17 7 1
github.com/alenon/gokanon/internal/cli/commands/baseline.go:68.17,75.3 1 1
github.com/alenon/gokanon/internal/cli/commands/baseline.go:77.2,81.18 3 0
github.com/alenon/gokanon/internal/cli/commands/baseline.go:81.18,83.3 1 0
github.com/alenon/gokanon/internal/cli/commands/baseline.go:83.8,86.17 2 0
github.com/alenon/gokanon/internal/cli/commands/baseline.go:86.17,93.4 1 0
github.com/alenon/gokanon/internal/cli/commands/baseline.go:94.3,94.23 1 0
github.com/alenon/gokanon/internal/cli/commands/baseline.go:98.2,100.16 3 0
github.com/alenon/gokanon/internal/cli/commands/baseline.go:100.16,107.3 1 0
github.com/alenon/gokanon/internal/cli/commands/baseline.go:109.2,114.32 6 0
github.com/alenon/gokanon/internal/cli/commands/baseline.go:114.32,116.3 1 0
github.com/alenon/gokanon/internal/cli/commands/baseline.go:117.2,120.12 4 0
github.com/alenon/gokanon/internal/cli/commands/baseline.go:124.27,131.16 6 1
github.com/alenon/gokanon/internal/cli/commands/baseline.go:131.16,137.3 1 0
github.com/alenon/gokanon/internal/cli/commands/baseline.go:139.2,139.25 1 1
github.com/alenon/gokanon/internal/cli/commands/baseline.go:139.25,144.3 4 1
github.com/alenon/gokanon/internal/cli/commands/baseline.go:146.2,153.37 6 0
github.com/alenon/gokanon/internal/cli/commands/baseline.go:153.37,155.17 2 0
github.com/alenon/gokanon/internal/cli/commands/baseline.go:155.17,157.4 1 0
github.com/alenon/gokanon/internal/cli/commands/baseline.go:158.3,158.21 1 0
github.com/alenon/gokanon/internal/cli/commands/baseline.go:158.21,160.4 1 0
github.com/alenon/gokanon/internal/cli/commands/baseline.go:161.3,166.4 1 0
github.com/alenon/gokanon/internal/cli/commands/baseline.go:168.2,171.12 3 0
github.com/alenon/gokanon/internal/cli/commands/baseline.go:175.27,181.17 5 0
github.com/alenon/gokanon/internal/cli/commands/baseline.go:181.17,188.3 1 0
github.com/alenon/gokanon/internal/cli/commands/baseline.go:190.2,192.16 3 0
github.com/alenon/gokanon/internal/cli/commands/baseline.go:192.16,199.3 1 0
github.com/alenon/gokanon/internal/cli/commands/baseline.go:201.2,207.32 6 0
github.com/alenon/gokanon/internal/cli/commands/baseline.go:207.32,209.3 1 0
github.com/alenon/gokanon/internal/cli/commands/baseline.go:210.2,222.46 11 0
github.com/alenon/gokanon/internal/cli/commands/baseline.go:222.46,230.3 1 0
github.com/alenon/gokanon/internal/cli/commands/baseline.go:231.2,233.12 2 0
github.com/alenon/gokanon/internal/cli/commands/baseline.go:237.29,243.17 5 1
github.com/alenon/gokanon/internal/cli/commands/baseline.go:243.17,250.3 1 1
github.com/alenon/gokanon/internal/cli/commands/baseline.go:252.2,255.31 2 0
github.com/alenon/gokanon/internal/cli/commands/baseline.go:255.31,262.3 1 0
github.com/alenon/gokanon/internal/cli/commands/baseline.go:265.2,265.52 1 0
github.com/alenon/gokanon/internal/cli/commands/baseline.go:265.52,271.3 1 0
github.com/alenon/gokanon/internal/cli/commands/baseline.go:273.2,274.12 2 0
github.com/alenon/gokanon/internal/cli/commands/check.go:14.20,25.13 8 1
github.com/alenon/gokanon/internal/cli/commands/check.go:25.13,27.17 2 0
github.com/alenon/gokanon/internal/cli/commands/check.go:27.17,29.4 1 0
github.com/alenon/gokanon/internal/cli/commands/check.go:30.3,30.20 1 0
github.com/alenon/gokanon/internal/cli/commands/check.go:30.20,32.4 1 0
github.com/alenon/gokanon/internal/cli/commands/check.go:33.3,34.21 2 0
github.com/alenon/gokanon/internal/cli/commands/check.go:35.8,37.21 2 1
github.com/alenon/gokanon/internal/cli/commands/check.go:37.21,39.4 1 1
github.com/alenon/gokanon/internal/cli/commands/check.go:40.3,41.18 2 0
github.com/alenon/gokanon/internal/cli/commands/check.go:45.2,46.16 2 0
github.com/alenon/gokanon/internal/cli/commands/check.go:46.16,48.3 1 0
github.com/alenon/gokanon/internal/cli/commands/check.go:50.2,51.16 2 0
github.com/alenon/gokanon/internal/cli/commands/check.go:51.16,53.3 1 0
github.com/alenon/gokanon/internal/cli/commands/check.go:56.2,59.27 3 0
github.com/alenon/gokanon/internal/cli/commands/check.go:59.27,61.3 1 0
github.com/alenon/gokanon/internal/cli/commands/check.go:64.2,73.20 6 0
github.com/alenon/gokanon/internal/cli/commands/check.go:73.20,75.3 1 0
github.com/alenon/gokanon/internal/cli/commands/check.go:77.2,77.12 1 0
github.com/alenon/gokanon/internal/cli/commands/compare.go:16.22,28.21 9 2
github.com/alenon/gokanon/internal/cli/commands/compare.go:28.21,31.17 2 0
github.com/alenon/gokanon/internal/cli/commands/compare.go:31.17,38.4 1 0
github.com/alenon/gokanon/internal/cli/commands/compare.go:40.3,41.17 2 0
github.com/alenon/gokanon/internal/cli/commands/compare.go:41.17,48.4 1 0
github.com/alenon/gokanon/internal/cli/commands/compare.go:50.3,53.23 4 0
github.com/alenon/gokanon/internal/cli/commands/compare.go:54.8,54.20 1 2
github.com/alenon/gokanon/internal/cli/commands/compare.go:54.20,57.17 2 0
github.com/alenon/gokanon/internal/cli/commands/compare.go:57.17,59.4 1 0
github.com/alenon/gokanon/internal/cli/commands/compare.go:60.3,60.20 1 0
github.com/alenon/gokanon/internal/cli/commands/compare.go:60.20,62.4 1 0
github.com/alenon/gokanon/internal/cli/commands/compare.go:63.3,64.21 2 0
github.com/alenon/gokanon/internal/cli/commands/compare.go:65.8,68.21 2 2
github.com/alenon/gokanon/internal/cli/commands/compare.go:68.21,70.4 1 2
github.com/alenon/gokanon/internal/cli/commands/compare.go:71.3,72.18 2 0
github.com/alenon/gokanon/internal/cli/commands/compare.go:76.2,76.19 1 0
github.com/alenon/gokanon/internal/cli/commands/compare.go:76.19,79.17 3 0
github.com/alenon/gokanon/internal/cli/commands/compare.go:79.17,81.4 1 0
github.com/alenon/gokanon/internal/cli/commands/compare.go:84.2,84.19 1 0
github.com/alenon/gokanon/internal/cli/commands/compare.go:84.19,87.17 3 0
github.com/alenon/gokanon/internal/cli/commands/compare.go:87.17,89.4 1 0
github.com/alenon/gokanon/internal/cli/commands/compare.go:93.2,96.27 3 0
github.com/alenon/gokanon/internal/cli/commands/compare.go:96.27,99.3 2 0
github.com/alenon/gokanon/internal/cli/commands/compare.go:102.2,107.35 2 0
github.com/alenon/gokanon/internal/cli/commands/compare.go:107.35,109.3 1 0
github.com/alenon/gokanon/internal/cli/commands/compare.go:111.2,115.16 3 0
github.com/alenon/gokanon/internal/cli/commands/compare.go:115.16,117.35 2 0
github.com/alenon/gokanon/internal/cli/commands/compare.go:117.35,119.4 1 0
github.com/alenon/gokanon/internal/cli/commands/compare.go:122.2,122.12 1 0
github.com/alenon/gokanon/internal/cli/commands/completion.go:11.25,12.22 1 2
github.com/alenon/gokanon/internal/cli/commands/completion.go:12.22,39.3 26 1
github.com/alenon/gokanon/internal/cli/commands/completion.go:41.2,45.15 3 1
github.com/alenon/gokanon/internal/cli/commands/completion.go:46.14,47.50 1 0
github.com/alenon/gokanon/internal/cli/commands/completion.go:48.13,49.49 1 0
github.com/alenon/gokanon/internal/cli/commands/completion.go:50.14,51.50 1 0
github.com/alenon/gokanon/internal/cli/commands/completion.go:52.10,58.4 1 1
github.com/alenon/gokanon/internal/cli/commands/completion.go:62.2,63.16 2 0
github.com/alenon/gokanon/internal/cli/commands/completion.go:63.16,70.3 1 0
github.com/alenon/gokanon/internal/cli/commands/completion.go:72.2,73.12 2 0
github.com/alenon/gokanon/internal/cli/commands/delete.go:12.21,18.20 5 3
github.com/alenon/gokanon/internal/cli/commands/delete.go:18.20,20.3 1 1
github.com/alenon/gokanon/internal/cli/commands/delete.go:22.2,25.41 3 2
github.com/alenon/gokanon/internal/cli/commands/delete.go:25.41,27.3 1 1
github.com/alenon/gokanon/internal/cli/commands/delete.go:29.2,30.12 2 1
github.com/alenon/gokanon/internal/cli/commands/doctor.go:10.21,15.33 3 1
github.com/alenon/gokanon/internal/cli/commands/doctor.go:15.33,16.95 1 7
github.com/alenon/gokanon/internal/cli/commands/doctor.go:16.95,18.4 1 0
github.com/alenon/gokanon/internal/cli/commands/doctor.go:21.2,21.12 1 1
github.com/alenon/gokanon/internal/cli/commands/export.go:14.21,26.13 9 3
github.com/alenon/gokanon/internal/cli/commands/export.go:26.13,28.17 2 0
github.com/alenon/gokanon/internal/cli/commands/export.go:28.17,30.4 1 0
github.com/alenon/gokanon/internal/cli/commands/export.go:31.3,31.20 1 0
github.com/alenon/gokanon/internal/cli/commands/export.go:31.20,33.4 1 0
github.com/alenon/gokanon/internal/cli/commands/export.go:34.3,35.21 2 0
github.com/alenon/gokanon/internal/cli/commands/export.go:36.8,38.21 2 3
github.com/alenon/gokanon/internal/cli/commands/export.go:38.21,40.4 1 3
github.com/alenon/gokanon/internal/cli/commands/export.go:41.3,42.18 2 0
github.com/alenon/gokanon/internal/cli/commands/export.go:46.2,47.16 2 0
github.com/alenon/gokanon/internal/cli/commands/export.go:47.16,49.3 1 0
github.com/alenon/gokanon/internal/cli/commands/export.go:51.2,52.16 2 0
github.com/alenon/gokanon/internal/cli/commands/export.go:52.16,54.3 1 0
github.com/alenon/gokanon/internal/cli/commands/export.go:57.2,60.27 3 0
github.com/alenon/gokanon/internal/cli/commands/export.go:60.27,62.3 1 0
github.com/alenon/gokanon/internal/cli/commands/export.go:65.2,66.22 2 0
github.com/alenon/gokanon/internal/cli/commands/export.go:66.22,68.3 1 0
github.com/alenon/gokanon/internal/cli/commands/export.go:71.2,72.17 2 0
github.com/alenon/gokanon/internal/cli/commands/export.go:73.14,80.4 1 0
github.com/alenon/gokanon/internal/cli/commands/export.go:81.13,82.48 1 0
github.com/alenon/gokanon/internal/cli/commands/export.go:83.24,84.67 1 0
github.com/alenon/gokanon/internal/cli/commands/export.go:85.10,86.88 1 0
github.com/alenon/gokanon/internal/cli/commands/export.go:89.2,89.16 1 0
github.com/alenon/gokanon/internal/cli/commands/export.go:89.16,91.3 1 0
github.com/alenon/gokanon/internal/cli/commands/export.go:93.2,94.12 2 0
github.com/alenon/gokanon/internal/cli/commands/flamegraph.go:13.25,24.13 8 1
github.com/alenon/gokanon/internal/cli/commands/flamegraph.go:24.13,27.17 2 0
github.com/alenon/gokanon/internal/cli/commands/flamegraph.go:27.17,29.4 1 0
github.com/alenon/gokanon/internal/cli/commands/flamegraph.go:30.3,30.23 1 0
github.com/alenon/gokanon/internal/cli/commands/flamegraph.go:31.8,34.21 2 1
github.com/alenon/gokanon/internal/cli/commands/flamegraph.go:34.21,36.4 1 1
github.com/alenon/gokanon/internal/cli/commands/flamegraph.go:37.3,37.18 1 0
github.com/alenon/gokanon/internal/cli/commands/flamegraph.go:41.2,42.16 2 0
github.com/alenon/gokanon/internal/cli/commands/flamegraph.go:42.16,44.3 1 0
github.com/alenon/gokanon/internal/cli/commands/flamegraph.go:46.2,46.53 1 0
github.com/alenon/gokanon/internal/cli/commands/flamegraph.go:46.53,48.3 1 0
github.com/alenon/gokanon/internal/cli/commands/flamegraph.go:50.2,51.26 2 0
github.com/alenon/gokanon/internal/cli/commands/flamegraph.go:51.26,53.3 1 0
github.com/alenon/gokanon/internal/cli/commands/flamegraph.go:54.2,54.29 1 0
github.com/alenon/gokanon/internal/cli/commands/flamegraph.go:54.29,56.3 1 0
github.com/alenon/gokanon/internal/cli/commands/flamegraph.go:57.2,61.28 3 0
github.com/alenon/gokanon/internal/cli/commands/interactive.go:11.26,13.16 2 0
github.com/alenon/gokanon/internal/cli/commands/interactive.go:13.16,20.3 1 0
github.com/alenon/gokanon/internal/cli/commands/interactive.go:23.2,23.59 1 0
github.com/alenon/gokanon/internal/cli/commands/interactive.go:23.59,26.3 2 0
github.com/alenon/gokanon/internal/cli/commands/interactive.go:28.2,28.60 1 0
github.com/alenon/gokanon/internal/cli/commands/interactive.go:28.60,31.3 2 0
github.com/alenon/gokanon/internal/cli/commands/interactive.go:33.2,33.63 1 0
github.com/alenon/gokanon/internal/cli/commands/interactive.go:33.63,36.3 2 0
github.com/alenon/gokanon/internal/cli/commands/interactive.go:38.2,38.62 1 0
github.com/alenon/gokanon/internal/cli/commands/interactive.go:38.62,41.3 2 0
github.com/alenon/gokanon/internal/cli/commands/interactive.go:43.2,43.61 1 0
github.com/alenon/gokanon/internal/cli/commands/interactive.go:43.61,46.3 2 0
github.com/alenon/gokanon/internal/cli/commands/interactive.go:48.2,48.61 1 0
github.com/alenon/gokanon/internal/cli/commands/interactive.go:48.61,51.3 2 0
github.com/alenon/gokanon/internal/cli/commands/interactive.go:53.2,53.61 1 0
github.com/alenon/gokanon/internal/cli/commands/interactive.go:53.61,56.3 2 0
github.com/alenon/gokanon/internal/cli/commands/interactive.go:58.2,58.66 1 0
github.com/alenon/gokanon/internal/cli/commands/interactive.go:58.66,61.3 2 0
github.com/alenon/gokanon/internal/cli/commands/interactive.go:63.2,63.61 1 0
github.com/alenon/gokanon/internal/cli/commands/interactive.go:63.61,66.3 2 0
github.com/alenon/gokanon/internal/cli/commands/interactive.go:68.2,68.62 1 0
github.com/alenon/gokanon/internal/cli/commands/interactive.go:68.62,71.3 2 0
github.com/alenon/gokanon/internal/cli/commands/interactive.go:73.2,73.62 1 0
github.com/alenon/gokanon/internal/cli/commands/interactive.go:73.62,75.3 1 0
github.com/alenon/gokanon/internal/cli/commands/interactive.go:77.2,77.22 1 0
github.com/alenon/gokanon/internal/cli/commands/list.go:13.19,20.16 6 4
github.com/alenon/gokanon/internal/cli/commands/list.go:20.16,22.3 1 0
github.com/alenon/gokanon/internal/cli/commands/list.go:24.2,24.20 1 4
github.com/alenon/gokanon/internal/cli/commands/list.go:24.20,27.3 2 2
github.com/alenon/gokanon/internal/cli/commands/list.go:29.2,33.27 4 2
github.com/alenon/gokanon/internal/cli/commands/list.go:33.27,41.3 1 4
github.com/alenon/gokanon/internal/cli/commands/list.go:42.2,44.12 2 2
github.com/alenon/gokanon/internal/cli/commands/run.go:18.18,31.24 10 0
github.com/alenon/gokanon/internal/cli/commands/run.go:31.24,38.30 4 0
github.com/alenon/gokanon/internal/cli/commands/run.go:38.30,40.13 2 0
github.com/alenon/gokanon/internal/cli/commands/run.go:41.15,42.33 1 0
github.com/alenon/gokanon/internal/cli/commands/run.go:43.25,44.36 1 0
github.com/alenon/gokanon/internal/cli/commands/run.go:45.12,51.6 1 0
github.com/alenon/gokanon/internal/cli/commands/run.go:55.3,55.56 1 0
github.com/alenon/gokanon/internal/cli/commands/run.go:55.56,57.29 2 0
github.com/alenon/gokanon/internal/cli/commands/run.go:57.29,59.5 1 0
github.com/alenon/gokanon/internal/cli/commands/run.go:60.4,60.32 1 0
github.com/alenon/gokanon/internal/cli/commands/run.go:60.32,62.5 1 0
github.com/alenon/gokanon/internal/cli/commands/run.go:63.4,63.70 1 0
github.com/alenon/gokanon/internal/cli/commands/run.go:68.2,72.24 4 0
github.com/alenon/gokanon/internal/cli/commands/run.go:72.24,74.3 1 0
github.com/alenon/gokanon/internal/cli/commands/run.go:76.2,79.16 3 0
github.com/alenon/gokanon/internal/cli/commands/run.go:79.16,81.3 1 0
github.com/alenon/gokanon/internal/cli/commands/run.go:84.2,86.40 3 0
github.com/alenon/gokanon/internal/cli/commands/run.go:86.40,93.3 1 0
github.com/alenon/gokanon/internal/cli/commands/run.go:96.2,106.53 8 0
github.com/alenon/gokanon/internal/cli/commands/run.go:106.53,108.27 2 0
github.com/alenon/gokanon/internal/cli/commands/run.go:108.27,110.4 1 0
github.com/alenon/gokanon/internal/cli/commands/run.go:111.3,111.30 1 0
github.com/alenon/gokanon/internal/cli/commands/run.go:111.30,113.4 1 0
github.com/alenon/gokanon/internal/cli/commands/run.go:115.2,120.37 5 0
github.com/alenon/gokanon/internal/cli/commands/run.go:120.37,128.3 1 0
github.com/alenon/gokanon/internal/cli/commands/run.go:129.2,132.31 2 0
github.com/alenon/gokanon/internal/cli/commands/run.go:132.31,134.3 1 0
github.com/alenon/gokanon/internal/cli/commands/run.go:136.2,139.53 2 0
github.com/alenon/gokanon/internal/cli/commands/run.go:139.53,141.3 1 0
github.com/alenon/gokanon/internal/cli/commands/run.go:143.2,143.12 1 0
github.com/alenon/gokanon/internal/cli/commands/run.go:147.60,153.38 4 0
github.com/alenon/gokanon/internal/cli/commands/run.go:153.38,159.46 5 0
github.com/alenon/gokanon/internal/cli/commands/run.go:159.46,160.25 1 0
github.com/alenon/gokanon/internal/cli/commands/run.go:160.25,162.5 1 0
github.com/alenon/gokanon/internal/cli/commands/run.go:163.4,167.5 1 0
github.com/alenon/gokanon/internal/cli/commands/run.go:169.3,169.12 1 0
github.com/alenon/gokanon/internal/cli/commands/run.go:173.2,173.41 1 0
github.com/alenon/gokanon/internal/cli/commands/run.go:173.41,179.49 5 0
github.com/alenon/gokanon/internal/cli/commands/run.go:179.49,180.25 1 0
github.com/alenon/gokanon/internal/cli/commands/run.go:180.25,182.5 1 0
github.com/alenon/gokanon/internal/cli/commands/run.go:183.4,187.5 1 0
github.com/alenon/gokanon/internal/cli/commands/run.go:189.3,189.12 1 0
github.com/alenon/gokanon/internal/cli/commands/run.go:193.2,193.31 1 0
github.com/alenon/gokanon/internal/cli/commands/run.go:193.31,197.41 3 0
github.com/alenon/gokanon/internal/cli/commands/run.go:197.41,202.4 3 0
github.com/alenon/gokanon/internal/cli/commands/run.go:206.2,206.34 1 0
github.com/alenon/gokanon/internal/cli/commands/run.go:206.34,210.44 3 0
github.com/alenon/gokanon/internal/cli/commands/run.go:210.44,212.25 2 0
github.com/alenon/gokanon/internal/cli/commands/run.go:213.16,214.26 1 0
github.com/alenon/gokanon/internal/cli/commands/run.go:215.18,216.26 1 0
github.com/alenon/gokanon/internal/cli/commands/run.go:217.15,218.26 1 0
github.com/alenon/gokanon/internal/cli/commands/run.go:221.4,227.43 3 0
github.com/alenon/gokanon/internal/cli/commands/run.go:232.2,232.34 1 0
github.com/alenon/gokanon/internal/cli/commands/run.go:232.34,236.43 3 0
github.com/alenon/gokanon/internal/cli/commands/run.go:236.43,238.24 2 0
github.com/alenon/gokanon/internal/cli/commands/run.go:239.16,240.26 1 0
github.com/alenon/gokanon/internal/cli/commands/run.go:241.18,242.26 1 0
github.com/alenon/gokanon/internal/cli/commands/run.go:243.15,244.26 1 0
github.com/alenon/gokanon/internal/cli/commands/run.go:247.4,250.24 4 0
github.com/alenon/gokanon/internal/cli/commands/run.go:250.24,252.5 1 0
github.com/alenon/gokanon/internal/cli/commands/run.go:256.2,256.45 1 0
github.com/alenon/gokanon/internal/cli/commands/run.go:260.38,262.18 2 0
github.com/alenon/gokanon/internal/cli/commands/run.go:262.18,264.3 1 0
github.com/alenon/gokanon/internal/cli/commands/run.go:265.2,266.46 2 0
github.com/alenon/gokanon/internal/cli/commands/run.go:266.46,269.3 2 0
github.com/alenon/gokanon/internal/cli/commands/run.go:270.2,270.76 1 0
github.com/alenon/gokanon/internal/cli/commands/serve.go:13.20,23.56 7 0
github.com/alenon/gokanon/internal/cli/commands/serve.go:23.56,27.3 3 0
github.com/alenon/gokanon/internal/cli/commands/serve.go:30.2,36.39 5 0
github.com/alenon/gokanon/internal/cli/commands/serve.go:36.39,38.3 1 0
github.com/alenon/gokanon/internal/cli/commands/serve.go:40.2,40.12 1 0
github.com/alenon/gokanon/internal/cli/commands/stats.go:14.20,23.16 8 4
github.com/alenon/gokanon/internal/cli/commands/stats.go:23.16,25.3 1 0
github.com/alenon/gokanon/internal/cli/commands/stats.go:27.2,27.20 1 4
github.com/alenon/gokanon/internal/cli/commands/stats.go:27.20,29.3 1 1
github.com/alenon/gokanon/internal/cli/commands/stats.go:32.2,32.38 1 3
github.com/alenon/gokanon/internal/cli/commands/stats.go:32.38,34.3 1 1
github.com/alenon/gokanon/internal/cli/commands/stats.go:36.2,50.34 7 3
github.com/alenon/gokanon/internal/cli/commands/stats.go:50.34,54.34 2 6
github.com/alenon/gokanon/internal/cli/commands/stats.go:54.34,56.4 1 4
github.com/alenon/gokanon/internal/cli/commands/stats.go:56.9,58.4 1 2
github.com/alenon/gokanon/internal/cli/commands/stats.go:59.3,59.16 1 6
github.com/alenon/gokanon/internal/cli/commands/stats.go:62.2,65.12 3 3
github.com/alenon/gokanon/internal/cli/commands/trend.go:13.20,22.16 8 1
github.com/alenon/gokanon/internal/cli/commands/trend.go:22.16,24.3 1 0
github.com/alenon/gokanon/internal/cli/commands/trend.go:26.2,26.19 1 1
github.com/alenon/gokanon/internal/cli/commands/trend.go:26.19,28.3 1 0
github.com/alenon/gokanon/internal/cli/commands/trend.go:31.2,31.38 1 1
github.com/alenon/gokanon/internal/cli/commands/trend.go:31.38,33.3 1 0
github.com/alenon/gokanon/internal/cli/commands/trend.go:36.2,36.35 1 1
github.com/alenon/gokanon/internal/cli/commands/trend.go:36.35,38.3 1 1
github.com/alenon/gokanon/internal/cli/commands/trend.go:40.2,50.27 5 1
github.com/alenon/gokanon/internal/cli/commands/trend.go:50.27,51.38 1 3
github.com/alenon/gokanon/internal/cli/commands/trend.go:51.38,52.53 1 6
github.com/alenon/gokanon/internal/cli/commands/trend.go:52.53,54.5 1 6
github.com/alenon/gokanon/internal/cli/commands/trend.go:59.2,59.35 1 1
github.com/alenon/gokanon/internal/cli/commands/trend.go:59.35,61.19 2 2
github.com/alenon/gokanon/internal/cli/commands/trend.go:61.19,62.12 1 0
github.com/alenon/gokanon/internal/cli/commands/trend.go:65.3,70.26 4 2
github.com/alenon/gokanon/internal/cli/commands/trend.go:71.20,73.27 2 2
github.com/alenon/gokanon/internal/cli/commands/trend.go:74.20,76.27 2 0
github.com/alenon/gokanon/internal/cli/commands/trend.go:77.11,78.26 1 0
github.com/alenon/gokanon/internal/cli/commands/trend.go:81.3,93.28 5 2
github.com/alenon/gokanon/internal/cli/commands/trend.go:93.28,94.39 1 6
github.com/alenon/gokanon/internal/cli/commands/trend.go:94.39,95.28 1 9
github.com/alenon/gokanon/internal/cli/commands/trend.go:95.28,97.11 2 6
github.com/alenon/gokanon/internal/cli/commands/trend.go:103.3,103.22 1 2
github.com/alenon/gokanon/internal/cli/commands/trend.go:103.22,105.29 2 2
github.com/alenon/gokanon/internal/cli/commands/trend.go:105.29,106.16 1 6
github.com/alenon/gokanon/internal/cli/commands/trend.go:106.16,108.6 1 4
github.com/alenon/gokanon/internal/cli/commands/trend.go:109.5,109.16 1 6
github.com/alenon/gokanon/internal/cli/commands/trend.go:109.16,111.6 1 0
github.com/alenon/gokanon/internal/cli/commands/trend.go:114.4,115.37 2 2
github.com/alenon/gokanon/internal/cli/commands/trend.go:115.37,117.19 2 4
github.com/alenon/gokanon/internal/cli/commands/trend.go:117.19,119.6 1 0
github.com/alenon/gokanon/internal/cli/commands/trend.go:119.11,121.6 1 4
github.com/alenon/gokanon/internal/cli/commands/trend.go:123.4,123.17 1 2
github.com/alenon/gokanon/internal/cli/commands/trend.go:126.3,126.16 1 2
github.com/alenon/gokanon/internal/cli/commands/trend.go:129.2,129.12 1 1
github.com/alenon/gokanon/internal/dashboard/server.go:25.70,31.2 1 15
github.com/alenon/gokanon/internal/dashboard/server.go:34.32,53.2 12 0
github.com/alenon/gokanon/internal/dashboard/server.go:56.69,57.32 1 53
github.com/alenon/gokanon/internal/dashboard/server.go:57.32,60.3 2 1
github.com/alenon/gokanon/internal/dashboard/server.go:62.2,63.16 2 52
github.com/alenon/gokanon/internal/dashboard/server.go:63.16,66.3 2 0
github.com/alenon/gokanon/internal/dashboard/server.go:69.2,70.27 2 52
github.com/alenon/gokanon/internal/dashboard/server.go:70.27,81.27 2 503
github.com/alenon/gokanon/internal/dashboard/server.go:81.27,86.39 4 503
github.com/alenon/gokanon/internal/dashboard/server.go:86.39,90.5 3 504
github.com/alenon/gokanon/internal/dashboard/server.go:92.4,95.65 4 503
github.com/alenon/gokanon/internal/dashboard/server.go:98.3,98.41 1 503
github.com/alenon/gokanon/internal/dashboard/server.go:101.2,102.38 2 52
github.com/alenon/gokanon/internal/dashboard/server.go:106.74,107.32 1 3
github.com/alenon/gokanon/internal/dashboard/server.go:107.32,110.3 2 0
github.com/alenon/gokanon/internal/dashboard/server.go:113.2,114.20 2 3
github.com/alenon/gokanon/internal/dashboard/server.go:114.20,117.3 2 0
github.com/alenon/gokanon/internal/dashboard/server.go:118.2,121.16 3 3
github.com/alenon/gokanon/internal/dashboard/server.go:121.16,124.3 2 1
github.com/alenon/gokanon/internal/dashboard/server.go:126.2,127.32 2 2
github.com/alenon/gokanon/internal/dashboard/server.go:131.71,132.32 1 2
github.com/alenon/gokanon/internal/dashboard/server.go:132.32,135.3 2 0
github.com/alenon/gokanon/internal/dashboard/server.go:138.2,141.20 4 2
github.com/alenon/gokanon/internal/dashboard/server.go:141.20,142.60 1 2
github.com/alenon/gokanon/internal/dashboard/server.go:142.60,144.4 1 2
github.com/alenon/gokanon/internal/dashboard/server.go:147.2,148.16 2 2
github.com/alenon/gokanon/internal/dashboard/server.go:148.16,151.3 2 0
github.com/alenon/gokanon/internal/dashboard/server.go:154.2,154.23 1 2
github.com/alenon/gokanon/internal/dashboard/server.go:154.23,156.3 1 0
github.com/alenon/gokanon/internal/dashboard/server.go:159.2,159.35 1 2
github.com/alenon/gokanon/internal/dashboard/server.go:159.35,161.3 1 2
github.com/alenon/gokanon/internal/dashboard/server.go:164.2,166.27 2 2
github.com/alenon/gokanon/internal/dashboard/server.go:166.27,169.38 2 6
github.com/alenon/gokanon/internal/dashboard/server.go:169.38,171.51 1 6
github.com/alenon/gokanon/internal/dashboard/server.go:171.51,172.13 1 0
github.com/alenon/gokanon/internal/dashboard/server.go:175.4,175.52 1 6
github.com/alenon/gokanon/internal/dashboard/server.go:175.52,177.5 1 2
github.com/alenon/gokanon/internal/dashboard/server.go:179.4,186.6 1 6
github.com/alenon/gokanon/internal/dashboard/server.go:191.2,196.38 4 2
github.com/alenon/gokanon/internal/dashboard/server.go:196.38,197.22 1 2
github.com/alenon/gokanon/internal/dashboard/server.go:197.22,198.12 1 1
github.com/alenon/gokanon/internal/dashboard/server.go:201.3,202.32 2 1
github.com/alenon/gokanon/internal/dashboard/server.go:202.32,204.4 1 5
github.com/alenon/gokanon/internal/dashboard/server.go:207.3,221.4 3 1
github.com/alenon/gokanon/internal/dashboard/server.go:223.2,226.37 3 2
github.com/alenon/gokanon/internal/dashboard/server.go:230.70,231.32 1 3
github.com/alenon/gokanon/internal/dashboard/server.go:231.32,234.3 2 0
github.com/alenon/gokanon/internal/dashboard/server.go:236.2,237.16 2 3
github.com/alenon/gokanon/internal/dashboard/server.go:237.16,240.3 2 0
github.com/alenon/gokanon/internal/dashboard/server.go:242.2,242.20 1 3
github.com/alenon/gokanon/internal/dashboard/server.go:242.20,252.3 3 1
github.com/alenon/gokanon/internal/dashboard/server.go:255.2,258.27 3 2
github.com/alenon/gokanon/internal/dashboard/server.go:258.27,260.38 2 4
github.com/alenon/gokanon/internal/dashboard/server.go:260.38,262.4 1 7
github.com/alenon/gokanon/internal/dashboard/server.go:266.2,267.35 2 2
github.com/alenon/gokanon/internal/dashboard/server.go:267.35,269.3 1 3
github.com/alenon/gokanon/internal/dashboard/server.go:270.2,278.29 5 2
github.com/alenon/gokanon/internal/dashboard/server.go:278.29,280.3 1 2
github.com/alenon/gokanon/internal/dashboard/server.go:281.2,282.35 2 2
github.com/alenon/gokanon/internal/dashboard/server.go:282.35,290.3 2 4
github.com/alenon/gokanon/internal/dashboard/server.go:292.2,304.37 3 2
github.com/alenon/gokanon/internal/dashboard/server.go:308.71,309.32 1 5
github.com/alenon/gokanon/internal/dashboard/server.go:309.32,312.3 2 0
github.com/alenon/gokanon/internal/dashboard/server.go:314.2,315.17 2 5
github.com/alenon/gokanon/internal/dashboard/server.go:315.17,318.3 2 1
github.com/alenon/gokanon/internal/dashboard/server.go:320.2,321.16 2 4
github.com/alenon/gokanon/internal/dashboard/server.go:321.16,324.3 2 0
github.com/alenon/gokanon/internal/dashboard/server.go:326.2,328.27 2 4
github.com/alenon/gokanon/internal/dashboard/server.go:328.27,331.53 1 4
github.com/alenon/gokanon/internal/dashboard/server.go:331.53,340.12 2 2
github.com/alenon/gokanon/internal/dashboard/server.go:344.3,344.38 1 2
github.com/alenon/gokanon/internal/dashboard/server.go:344.38,345.61 1 4
github.com/alenon/gokanon/internal/dashboard/server.go:345.61,353.5 1 2
github.com/alenon/gokanon/internal/dashboard/server.go:357.2,362.4 2 4
github.com/alenon/gokanon/internal/dashboard/server.go:366.70,367.23 1 3
github.com/alenon/gokanon/internal/dashboard/server.go:367.23,370.3 2 1
github.com/alenon/gokanon/internal/dashboard/server.go:372.2,373.30 2 2
github.com/alenon/gokanon/internal/dashboard/server.go:377.71,380.9 2 5
github.com/alenon/gokanon/internal/dashboard/server.go:381.39,383.31 2 2
github.com/alenon/gokanon/internal/dashboard/server.go:384.38,386.39 2 2
github.com/alenon/gokanon/internal/dashboard/server.go:386.39,388.4 1 2
github.com/alenon/gokanon/internal/dashboard/server.go:389.10,390.22 1 1
github.com/alenon/gokanon/internal/dashboard/server.go:395.46,396.15 1 6
github.com/alenon/gokanon/internal/dashboard/server.go:396.15,398.3 1 2
github.com/alenon/gokanon/internal/dashboard/server.go:398.8,398.23 1 4
github.com/alenon/gokanon/internal/dashboard/server.go:398.23,400.3 1 1
github.com/alenon/gokanon/internal/dashboard/server.go:401.2,401.17 1 3
github.com/alenon/gokanon/internal/dashboard/server.go:405.63,406.22 1 5
github.com/alenon/gokanon/internal/dashboard/server.go:406.22,415.3 1 1
github.com/alenon/gokanon/internal/dashboard/server.go:418.2,424.27 5 4
github.com/alenon/gokanon/internal/dashboard/server.go:424.27,426.3 1 13
github.com/alenon/gokanon/internal/dashboard/server.go:427.2,431.24 3 4
github.com/alenon/gokanon/internal/dashboard/server.go:431.24,433.3 1 1
github.com/alenon/gokanon/internal/dashboard/server.go:433.8,435.3 1 3
github.com/alenon/gokanon/internal/dashboard/server.go:438.2,439.27 2 4
github.com/alenon/gokanon/internal/dashboard/server.go:439.27,442.3 2 13
github.com/alenon/gokanon/internal/dashboard/server.go:443.2,445.18 3 4
github.com/alenon/gokanon/internal/dashboard/server.go:445.18,447.3 1 3
github.com/alenon/gokanon/internal/dashboard/server.go:450.2,451.15 2 4
github.com/alenon/gokanon/internal/dashboard/server.go:451.15,453.3 1 4
github.com/alenon/gokanon/internal/dashboard/server.go:455.2,462.3 1 4
github.com/alenon/gokanon/internal/dashboard/server.go:466.47,468.11 2 6
github.com/alenon/gokanon/internal/dashboard/server.go:468.11,470.3 1 2
github.com/alenon/gokanon/internal/dashboard/server.go:473.2,474.27 2 4
github.com/alenon/gokanon/internal/dashboard/server.go:474.27,480.3 5 19
github.com/alenon/gokanon/internal/dashboard/server.go:483.2,484.22 2 4
github.com/alenon/gokanon/internal/dashboard/server.go:484.22,486.3 1 0
github.com/alenon/gokanon/internal/dashboard/server.go:488.2,489.14 2 4
github.com/alenon/gokanon/internal/compare/compare.go:16.30,20.2 1 4
github.com/alenon/gokanon/internal/compare/compare.go:23.85,26.40 2 2
github.com/alenon/gokanon/internal/compare/compare.go:26.40,28.3 1 4
github.com/alenon/gokanon/internal/compare/compare.go:30.2,33.43 2 2
github.com/alenon/gokanon/internal/compare/compare.go:33.43,35.14 2 4
github.com/alenon/gokanon/internal/compare/compare.go:35.14,36.12 1 1
github.com/alenon/gokanon/internal/compare/compare.go:39.3,40.48 2 3
github.com/alenon/gokanon/internal/compare/compare.go:43.2,43.20 1 2
github.com/alenon/gokanon/internal/compare/compare.go:47.86,52.42 4 8
github.com/alenon/gokanon/internal/compare/compare.go:52.42,53.23 1 4
github.com/alenon/gokanon/internal/compare/compare.go:53.23,55.4 1 2
github.com/alenon/gokanon/internal/compare/compare.go:55.9,57.4 1 2
github.com/alenon/gokanon/internal/compare/compare.go:60.2,67.3 1 8
github.com/alenon/gokanon/internal/compare/compare.go:71.54,73.21 2 3
github.com/alenon/gokanon/internal/compare/compare.go:74.18,75.23 1 1
github.com/alenon/gokanon/internal/compare/compare.go:76.18,77.23 1 1
github.com/alenon/gokanon/internal/compare/compare.go:80.2,86.3 1 3
github.com/alenon/gokanon/internal/compare/compare.go:90.54,95.35 4 4
github.com/alenon/gokanon/internal/compare/compare.go:95.35,96.22 1 11
github.com/alenon/gokanon/internal/compare/compare.go:97.19,98.14 1 5
github.com/alenon/gokanon/internal/compare/compare.go:99.19,100.14 1 3
github.com/alenon/gokanon/internal/compare/compare.go:101.15,102.10 1 3
github.com/alenon/gokanon/internal/compare/compare.go:106.2,107.28 1 4
github.com/alenon/gokanon/internal/interactive/interactive.go:22.30,72.16 3 26
github.com/alenon/gokanon/internal/interactive/interactive.go:72.16,74.3 1 0
github.com/alenon/gokanon/internal/interactive/interactive.go:76.2,79.8 1 26
github.com/alenon/gokanon/internal/interactive/interactive.go:83.72,85.2 1 119
github.com/alenon/gokanon/internal/interactive/interactive.go:88.31,93.6 3 0
github.com/alenon/gokanon/internal/interactive/interactive.go:93.6,95.35 2 0
github.com/alenon/gokanon/internal/interactive/interactive.go:95.35,96.22 1 0
github.com/alenon/gokanon/internal/interactive/interactive.go:96.22,97.10 1 0
github.com/alenon/gokanon/internal/interactive/interactive.go:98.10,99.13 1 0
github.com/alenon/gokanon/internal/interactive/interactive.go:101.9,101.27 1 0
github.com/alenon/gokanon/internal/interactive/interactive.go:101.27,102.9 1 0
github.com/alenon/gokanon/internal/interactive/interactive.go:105.3,106.17 2 0
github.com/alenon/gokanon/internal/interactive/interactive.go:106.17,107.12 1 0
github.com/alenon/gokanon/internal/interactive/interactive.go:111.3,111.28 1 0
github.com/alenon/gokanon/internal/interactive/interactive.go:111.28,112.12 1 0
github.com/alenon/gokanon/internal/interactive/interactive.go:116.3,117.22 2 0
github.com/alenon/gokanon/internal/interactive/interactive.go:117.22,118.12 1 0
github.com/alenon/gokanon/internal/interactive/interactive.go:121.3,126.14 4 0
github.com/alenon/gokanon/internal/interactive/interactive.go:126.14,129.12 3 0
github.com/alenon/gokanon/internal/interactive/interactive.go:132.3,132.39 1 0
github.com/alenon/gokanon/internal/interactive/interactive.go:132.39,134.4 1 0
github.com/alenon/gokanon/internal/interactive/interactive.go:137.2,138.12 2 0
github.com/alenon/gokanon/internal/interactive/interactive.go:141.34,151.2 9 1
github.com/alenon/gokanon/internal/interactive/interactive.go:153.34,157.2 3 1
github.com/alenon/gokanon/internal/interactive/interactive.go:159.51,160.14 1 47
github.com/alenon/gokanon/internal/interactive/interactive.go:161.22,162.14 1 4
github.com/alenon/gokanon/internal/interactive/interactive.go:163.22,166.14 2 6
github.com/alenon/gokanon/internal/interactive/interactive.go:167.19,169.14 2 7
github.com/alenon/gokanon/internal/interactive/interactive.go:170.10,171.15 1 30
github.com/alenon/gokanon/internal/interactive/interactive.go:175.31,200.31 5 8
github.com/alenon/gokanon/internal/interactive/interactive.go:200.31,205.3 1 112
github.com/alenon/gokanon/internal/interactive/interactive.go:207.2,209.15 3 8
github.com/alenon/gokanon/internal/interactive/interactive.go:213.33,215.2 1 30
github.com/alenon/gokanon/internal/export/export.go:17.30,19.2 1 8
github.com/alenon/gokanon/internal/export/export.go:22.82,24.16 2 3
github.com/alenon/gokanon/internal/export/export.go:24.16,26.3 1 1
github.com/alenon/gokanon/internal/export/export.go:27.2,34.45 5 2
github.com/alenon/gokanon/internal/export/export.go:34.45,36.3 1 0
github.com/alenon/gokanon/internal/export/export.go:39.2,39.35 1 2
github.com/alenon/gokanon/internal/export/export.go:39.35,48.46 2 2
github.com/alenon/gokanon/internal/export/export.go:48.46,50.4 1 0
github.com/alenon/gokanon/internal/export/export.go:53.2,53.12 1 2
github.com/alenon/gokanon/internal/export/export.go:57.108,65.35 6 2
github.com/alenon/gokanon/internal/export/export.go:65.35,67.22 2 4
github.com/alenon/gokanon/internal/export/export.go:68.19,69.19 1 2
github.com/alenon/gokanon/internal/export/export.go:70.19,71.19 1 1
github.com/alenon/gokanon/internal/export/export.go:74.3,81.5 1 4
github.com/alenon/gokanon/internal/export/export.go:85.2,91.58 6 2
github.com/alenon/gokanon/internal/export/export.go:95.132,654.16 3 2
github.com/alenon/gokanon/internal/export/export.go:654.16,656.3 1 0
github.com/alenon/gokanon/internal/export/export.go:658.2,681.16 4 2
github.com/alenon/gokanon/internal/export/export.go:681.16,683.3 1 0
github.com/alenon/gokanon/internal/export/export.go:684.2,686.30 2 2
github.com/alenon/gokanon/internal/export/export.go:690.82,691.35 1 6
github.com/alenon/gokanon/internal/export/export.go:691.35,692.22 1 17
github.com/alenon/gokanon/internal/export/export.go:693.19,694.14 1 8
github.com/alenon/gokanon/internal/export/export.go:695.19,696.14 1 5
github.com/alenon/gokanon/internal/export/export.go:697.15,698.10 1 4
github.com/alenon/gokanon/internal/export/export.go:701.2,701.8 1 6
github.com/alenon/gokanon/internal/doctor/doctor.go:24.37,52.2 11 2
github.com/alenon/gokanon/internal/doctor/doctor.go:55.42,63.33 6 4
github.com/alenon/gokanon/internal/doctor/doctor.go:63.33,64.20 1 11
github.com/alenon/gokanon/internal/doctor/doctor.go:64.20,67.4 2 9
github.com/alenon/gokanon/internal/doctor/doctor.go:67.9,70.35 3 2
github.com/alenon/gokanon/internal/doctor/doctor.go:70.35,71.51 1 2
github.com/alenon/gokanon/internal/doctor/doctor.go:71.51,73.6 1 4
github.com/alenon/gokanon/internal/doctor/doctor.go:76.3,76.16 1 11
github.com/alenon/gokanon/internal/doctor/doctor.go:79.2,82.21 4 4
github.com/alenon/gokanon/internal/doctor/doctor.go:82.21,84.3 1 2
github.com/alenon/gokanon/internal/doctor/doctor.go:85.2,87.22 2 4
github.com/alenon/gokanon/internal/doctor/doctor.go:87.22,89.3 1 2
github.com/alenon/gokanon/internal/doctor/doctor.go:89.8,91.3 1 2
github.com/alenon/gokanon/internal/doctor/doctor.go:94.40,98.16 3 5
github.com/alenon/gokanon/internal/doctor/doctor.go:98.16,108.3 1 0
github.com/alenon/gokanon/internal/doctor/doctor.go:110.2,115.3 2 5
github.com/alenon/gokanon/internal/doctor/doctor.go:118.32,124.16 4 7
github.com/alenon/gokanon/internal/doctor/doctor.go:124.16,134.3 1 0
github.com/alenon/gokanon/internal/doctor/doctor.go:135.2,141.3 2 7
github.com/alenon/gokanon/internal/doctor/doctor.go:144.42,148.16 3 6
github.com/alenon/gokanon/internal/doctor/doctor.go:148.16,149.25 1 4
github.com/alenon/gokanon/internal/doctor/doctor.go:149.25,155.4 1 4
github.com/alenon/gokanon/internal/doctor/doctor.go:157.3,165.4 1 0
github.com/alenon/gokanon/internal/doctor/doctor.go:168.2,168.19 1 2
github.com/alenon/gokanon/internal/doctor/doctor.go:168.19,178.3 1 1
github.com/alenon/gokanon/internal/doctor/doctor.go:180.2,184.3 1 1
github.com/alenon/gokanon/internal/doctor/doctor.go:187.42,190.16 3 6
github.com/alenon/gokanon/internal/doctor/doctor.go:190.16,200.3 1 0
github.com/alenon/gokanon/internal/doctor/doctor.go:202.2,202.20 1 6
github.com/alenon/gokanon/internal/doctor/doctor.go:202.20,208.3 1 5
github.com/alenon/gokanon/internal/doctor/doctor.go:211.2,212.16 2 1
github.com/alenon/gokanon/internal/doctor/doctor.go:212.16,222.3 1 0
github.com/alenon/gokanon/internal/doctor/doctor.go:224.2,228.3 1 1
github.com/alenon/gokanon/internal/doctor/doctor.go:231.40,234.16 2 7
github.com/alenon/gokanon/internal/doctor/doctor.go:234.16,240.3 1 0
github.com/alenon/gokanon/internal/doctor/doctor.go:242.2,242.23 1 7
github.com/alenon/gokanon/internal/doctor/doctor.go:242.23,253.3 1 1
github.com/alenon/gokanon/internal/doctor/doctor.go:256.2,257.31 2 6
github.com/alenon/gokanon/internal/doctor/doctor.go:257.31,259.17 2 6
github.com/alenon/gokanon/internal/doctor/doctor.go:259.17,260.12 1 1
github.com/alenon/gokanon/internal/doctor/doctor.go:262.3,262.58 1 5
github.com/alenon/gokanon/internal/doctor/doctor.go:262.58,264.9 2 4
github.com/alenon/gokanon/internal/doctor/doctor.go:268.2,268.20 1 6
github.com/alenon/gokanon/internal/doctor/doctor.go:268.20,278.3 1 2
github.com/alenon/gokanon/internal/doctor/doctor.go:280.2,284.3 1 4
github.com/alenon/gokanon/internal/doctor/doctor.go:287.33,291.16 3 5
github.com/alenon/gokanon/internal/doctor/doctor.go:291.16,297.3 1 1
github.com/alenon/gokanon/internal/doctor/doctor.go:299.2,303.3 1 4
github.com/alenon/gokanon/internal/doctor/doctor.go:306.41,312.22 4 4
github.com/alenon/gokanon/internal/doctor/doctor.go:312.22,322.3 1 4
github.com/alenon/gokanon/internal/doctor/doctor.go:324.2,328.3 1 0
github.com/alenon/gokanon/internal/profiler/profiler.go:21.30,23.2 1 10
github.com/alenon/gokanon/internal/profiler/profiler.go:26.54,28.16 2 5
github.com/alenon/gokanon/internal/profiler/profiler.go:28.16,30.3 1 1
github.com/alenon/gokanon/internal/profiler/profiler.go:31.2,32.12 2 4
github.com/alenon/gokanon/internal/profiler/profiler.go:36.57,38.16 2 5
github.com/alenon/gokanon/internal/profiler/profiler.go:38.16,40.3 1 1
github.com/alenon/gokanon/internal/profiler/profiler.go:41.2,42.12 2 4
github.com/alenon/gokanon/internal/profiler/profiler.go:46.62,50.25 2 7
github.com/alenon/gokanon/internal/profiler/profiler.go:50.25,52.17 2 4
github.com/alenon/gokanon/internal/profiler/profiler.go:52.17,54.4 1 0
github.com/alenon/gokanon/internal/profiler/profiler.go:55.3,60.30 4 4
github.com/alenon/gokanon/internal/profiler/profiler.go:64.2,64.28 1 7
github.com/alenon/gokanon/internal/profiler/profiler.go:64.28,66.17 2 4
github.com/alenon/gokanon/internal/profiler/profiler.go:66.17,68.4 1 0
github.com/alenon/gokanon/internal/profiler/profiler.go:69.3,74.30 4 4
github.com/alenon/gokanon/internal/profiler/profiler.go:78.2,81.21 3 7
github.com/alenon/gokanon/internal/profiler/profiler.go:85.81,86.25 1 4
github.com/alenon/gokanon/internal/profiler/profiler.go:86.25,88.3 1 0
github.com/alenon/gokanon/internal/profiler/profiler.go:91.2,92.45 2 4
github.com/alenon/gokanon/internal/profiler/profiler.go:92.45,94.3 1 8
github.com/alenon/gokanon/internal/profiler/profiler.go:96.2,96.23 1 4
github.com/alenon/gokanon/internal/profiler/profiler.go:96.23,98.3 1 0
github.com/alenon/gokanon/internal/profiler/profiler.go:101.2,102.45 2 4
github.com/alenon/gokanon/internal/profiler/profiler.go:102.45,104.32 2 8
github.com/alenon/gokanon/internal/profiler/profiler.go:104.32,105.12 1 0
github.com/alenon/gokanon/internal/profiler/profiler.go:109.3,110.25 2 8
github.com/alenon/gokanon/internal/profiler/profiler.go:110.25,111.12 1 0
github.com/alenon/gokanon/internal/profiler/profiler.go:114.3,115.16 2 8
github.com/alenon/gokanon/internal/profiler/profiler.go:115.16,116.12 1 0
github.com/alenon/gokanon/internal/profiler/profiler.go:119.3,120.50 2 8
github.com/alenon/gokanon/internal/profiler/profiler.go:120.50,123.4 2 0
github.com/alenon/gokanon/internal/profiler/profiler.go:123.9,129.4 1 8
github.com/alenon/gokanon/internal/profiler/profiler.go:132.3,132.45 1 8
github.com/alenon/gokanon/internal/profiler/profiler.go:132.45,133.41 1 0
github.com/alenon/gokanon/internal/profiler/profiler.go:133.41,134.13 1 0
github.com/alenon/gokanon/internal/profiler/profiler.go:136.4,137.23 2 0
github.com/alenon/gokanon/internal/profiler/profiler.go:137.23,138.13 1 0
github.com/alenon/gokanon/internal/profiler/profiler.go:140.4,141.53 2 0
github.com/alenon/gokanon/internal/profiler/profiler.go:141.53,143.5 1 0
github.com/alenon/gokanon/internal/profiler/profiler.go:143.10,149.5 1 0
github.com/alenon/gokanon/internal/profiler/profiler.go:154.2,155.33 2 4
github.com/alenon/gokanon/internal/profiler/profiler.go:155.33,157.3 1 8
github.com/alenon/gokanon/internal/profiler/profiler.go:158.2,158.40 1 4
github.com/alenon/gokanon/internal/profiler/profiler.go:158.40,160.3 1 4
github.com/alenon/gokanon/internal/profiler/profiler.go:163.2,164.27 2 4
github.com/alenon/gokanon/internal/profiler/profiler.go:164.27,166.3 1 4
github.com/alenon/gokanon/internal/profiler/profiler.go:168.2,169.32 2 4
github.com/alenon/gokanon/internal/profiler/profiler.go:169.32,178.3 2 8
github.com/alenon/gokanon/internal/profiler/profiler.go:180.2,180.34 1 4
github.com/alenon/gokanon/internal/profiler/profiler.go:184.84,185.28 1 4
github.com/alenon/gokanon/internal/profiler/profiler.go:185.28,187.3 1 0
github.com/alenon/gokanon/internal/profiler/profiler.go:190.2,191.48 2 4
github.com/alenon/gokanon/internal/profiler/profiler.go:191.48,192.31 1 8
github.com/alenon/gokanon/internal/profiler/profiler.go:192.31,194.9 2 4
github.com/alenon/gokanon/internal/profiler/profiler.go:198.2,198.25 1 4
github.com/alenon/gokanon/internal/profiler/profiler.go:198.25,200.3 1 0
github.com/alenon/gokanon/internal/profiler/profiler.go:203.2,204.48 2 4
github.com/alenon/gokanon/internal/profiler/profiler.go:204.48,206.3 1 7
github.com/alenon/gokanon/internal/profiler/profiler.go:208.2,208.21 1 4
github.com/alenon/gokanon/internal/profiler/profiler.go:208.21,210.3 1 0
github.com/alenon/gokanon/internal/profiler/profiler.go:213.2,214.48 2 4
github.com/alenon/gokanon/internal/profiler/profiler.go:214.48,216.32 2 7
github.com/alenon/gokanon/internal/profiler/profiler.go:216.32,217.12 1 0
github.com/alenon/gokanon/internal/profiler/profiler.go:221.3,222.25 2 7
github.com/alenon/gokanon/internal/profiler/profiler.go:222.25,223.12 1 0
github.com/alenon/gokanon/internal/profiler/profiler.go:226.3,227.16 2 7
github.com/alenon/gokanon/internal/profiler/profiler.go:227.16,228.12 1 0
github.com/alenon/gokanon/internal/profiler/profiler.go:231.3,232.50 2 7
github.com/alenon/gokanon/internal/profiler/profiler.go:232.50,235.4 2 0
github.com/alenon/gokanon/internal/profiler/profiler.go:235.9,241.4 1 7
github.com/alenon/gokanon/internal/profiler/profiler.go:245.2,246.33 2 4
github.com/alenon/gokanon/internal/profiler/profiler.go:246.33,248.3 1 7
github.com/alenon/gokanon/internal/profiler/profiler.go:249.2,249.40 1 4
github.com/alenon/gokanon/internal/profiler/profiler.go:249.40,251.3 1 3
github.com/alenon/gokanon/internal/profiler/profiler.go:254.2,255.27 2 4
github.com/alenon/gokanon/internal/profiler/profiler.go:255.27,257.3 1 4
github.com/alenon/gokanon/internal/profiler/profiler.go:259.2,260.32 2 4
github.com/alenon/gokanon/internal/profiler/profiler.go:260.32,269.3 2 7
github.com/alenon/gokanon/internal/profiler/profiler.go:271.2,271.32 1 4
github.com/alenon/gokanon/internal/profiler/profiler.go:275.56,276.25 1 4
github.com/alenon/gokanon/internal/profiler/profiler.go:276.25,278.3 1 0
github.com/alenon/gokanon/internal/profiler/profiler.go:281.2,284.45 3 4
github.com/alenon/gokanon/internal/profiler/profiler.go:284.45,290.50 4 8
github.com/alenon/gokanon/internal/profiler/profiler.go:290.50,291.41 1 8
github.com/alenon/gokanon/internal/profiler/profiler.go:291.41,292.13 1 0
github.com/alenon/gokanon/internal/profiler/profiler.go:294.4,295.17 2 8
github.com/alenon/gokanon/internal/profiler/profiler.go:295.17,297.5 1 8
github.com/alenon/gokanon/internal/profiler/profiler.go:300.3,300.21 1 8
github.com/alenon/gokanon/internal/profiler/profiler.go:300.21,301.12 1 0
github.com/alenon/gokanon/internal/profiler/profiler.go:304.3,305.50 2 8
github.com/alenon/gokanon/internal/profiler/profiler.go:305.50,307.4 1 0
github.com/alenon/gokanon/internal/profiler/profiler.go:307.9,312.4 1 8
github.com/alenon/gokanon/internal/profiler/profiler.go:316.2,317.34 2 4
github.com/alenon/gokanon/internal/profiler/profiler.go:317.34,319.3 1 8
github.com/alenon/gokanon/internal/profiler/profiler.go:320.2,320.40 1 4
github.com/alenon/gokanon/internal/profiler/profiler.go:320.40,322.3 1 4
github.com/alenon/gokanon/internal/profiler/profiler.go:325.2,326.26 2 4
github.com/alenon/gokanon/internal/profiler/profiler.go:326.26,328.23 2 8
github.com/alenon/gokanon/internal/profiler/profiler.go:328.23,329.9 1 0
github.com/alenon/gokanon/internal/profiler/profiler.go:331.3,331.23 1 8
github.com/alenon/gokanon/internal/profiler/profiler.go:331.23,332.9 1 0
github.com/alenon/gokanon/internal/profiler/profiler.go:335.3,340.5 1 8
github.com/alenon/gokanon/internal/profiler/profiler.go:343.2,343.15 1 4
github.com/alenon/gokanon/internal/profiler/profiler.go:347.60,348.28 1 4
github.com/alenon/gokanon/internal/profiler/profiler.go:348.28,350.3 1 0
github.com/alenon/gokanon/internal/profiler/profiler.go:353.2,355.48 3 4
github.com/alenon/gokanon/internal/profiler/profiler.go:355.48,356.31 1 16
github.com/alenon/gokanon/internal/profiler/profiler.go:356.31,358.4 1 4
github.com/alenon/gokanon/internal/profiler/profiler.go:359.3,359.31 1 16
github.com/alenon/gokanon/internal/profiler/profiler.go:359.31,361.4 1 4
github.com/alenon/gokanon/internal/profiler/profiler.go:364.2,364.48 1 4
github.com/alenon/gokanon/internal/profiler/profiler.go:364.48,366.3 1 0
github.com/alenon/gokanon/internal/profiler/profiler.go:369.2,371.48 2 4
github.com/alenon/gokanon/internal/profiler/profiler.go:371.48,375.50 3 7
github.com/alenon/gokanon/internal/profiler/profiler.go:375.50,376.12 1 0
github.com/alenon/gokanon/internal/profiler/profiler.go:379.3,380.25 2 7
github.com/alenon/gokanon/internal/profiler/profiler.go:380.25,381.12 1 0
github.com/alenon/gokanon/internal/profiler/profiler.go:384.3,385.16 2 7
github.com/alenon/gokanon/internal/profiler/profiler.go:385.16,386.12 1 0
github.com/alenon/gokanon/internal/profiler/profiler.go:389.3,390.50 2 7
github.com/alenon/gokanon/internal/profiler/profiler.go:390.50,394.4 3 0
github.com/alenon/gokanon/internal/profiler/profiler.go:394.9,401.4 1 7
github.com/alenon/gokanon/internal/profiler/profiler.go:404.2,405.33 2 4
github.com/alenon/gokanon/internal/profiler/profiler.go:405.33,407.66 1 7
github.com/alenon/gokanon/internal/profiler/profiler.go:407.66,409.37 2 4
github.com/alenon/gokanon/internal/profiler/profiler.go:409.37,411.5 1 0
github.com/alenon/gokanon/internal/profiler/profiler.go:411.10,411.43 1 4
github.com/alenon/gokanon/internal/profiler/profiler.go:411.43,413.5 1 1
github.com/alenon/gokanon/internal/profiler/profiler.go:415.4,421.6 1 4
github.com/alenon/gokanon/internal/profiler/profiler.go:426.2,426.41 1 4
github.com/alenon/gokanon/internal/profiler/profiler.go:426.41,427.47 1 0
github.com/alenon/gokanon/internal/profiler/profiler.go:427.47,430.4 2 0
github.com/alenon/gokanon/internal/profiler/profiler.go:431.3,431.43 1 0
github.com/alenon/gokanon/internal/profiler/profiler.go:435.2,435.21 1 4
github.com/alenon/gokanon/internal/profiler/profiler.go:435.21,437.3 1 0
github.com/alenon/gokanon/internal/profiler/profiler.go:439.2,439.15 1 4
github.com/alenon/gokanon/internal/profiler/profiler.go:443.92,447.38 2 7
github.com/alenon/gokanon/internal/profiler/profiler.go:447.38,449.27 2 4
github.com/alenon/gokanon/internal/profiler/profiler.go:449.27,458.4 1 4
github.com/alenon/gokanon/internal/profiler/profiler.go:462.2,462.41 1 7
github.com/alenon/gokanon/internal/profiler/profiler.go:462.41,464.27 2 4
github.com/alenon/gokanon/internal/profiler/profiler.go:464.27,473.4 1 4
github.com/alenon/gokanon/internal/profiler/profiler.go:477.2,477.43 1 7
github.com/alenon/gokanon/internal/profiler/profiler.go:477.43,478.30 1 4
github.com/alenon/gokanon/internal/profiler/profiler.go:478.30,487.4 1 0
github.com/alenon/gokanon/internal/profiler/profiler.go:491.2,491.31 1 7
github.com/alenon/gokanon/internal/profiler/profiler.go:491.31,492.41 1 4
github.com/alenon/gokanon/internal/profiler/profiler.go:492.41,493.28 1 4
github.com/alenon/gokanon/internal/profiler/profiler.go:493.28,502.10 2 4
github.com/alenon/gokanon/internal/profiler/profiler.go:507.2,507.20 1 7
github.com/alenon/gokanon/internal/profiler/profiler.go:530.44,533.20 2 32
github.com/alenon/gokanon/internal/profiler/profiler.go:533.20,535.3 1 32
github.com/alenon/gokanon/internal/profiler/profiler.go:538.2,538.48 1 32
github.com/alenon/gokanon/internal/profiler/profiler.go:538.48,540.3 1 2
github.com/alenon/gokanon/internal/profiler/profiler.go:542.2,542.13 1 32
github.com/alenon/gokanon/internal/profiler/profiler.go:546.38,548.18 2 10
github.com/alenon/gokanon/internal/profiler/profiler.go:548.18,550.3 1 2
github.com/alenon/gokanon/internal/profiler/profiler.go:551.2,552.46 2 8
github.com/alenon/gokanon/internal/profiler/profiler.go:552.46,555.3 2 8
github.com/alenon/gokanon/internal/profiler/profiler.go:556.2,556.76 1 8
github.com/alenon/gokanon/internal/profiler/profiler.go:560.33,562.37 2 1
github.com/alenon/gokanon/internal/profiler/profiler.go:562.37,564.3 1 6
github.com/alenon/gokanon/internal/profiler/profiler.go:565.2,565.14 1 1
github.com/alenon/gokanon/main.go:10.13,11.38 1 0
github.com/alenon/gokanon/main.go:11.38,14.3 2 0
github.com/alenon/gokanon/internal/cli/cli.go:66.22,67.22 1 0
github.com/alenon/gokanon/internal/cli/cli.go:67.22,70.3 2 0
github.com/alenon/gokanon/internal/cli/cli.go:72.2,74.17 2 0
github.com/alenon/gokanon/internal/cli/cli.go:75.13,76.24 1 0
github.com/alenon/gokanon/internal/cli/cli.go:77.14,78.25 1 0
github.com/alenon/gokanon/internal/cli/cli.go:79.17,80.28 1 0
github.com/alenon/gokanon/internal/cli/cli.go:81.16,82.27 1 0
github.com/alenon/gokanon/internal/cli/cli.go:83.15,84.26 1 0
github.com/alenon/gokanon/internal/cli/cli.go:85.15,86.26 1 0
github.com/alenon/gokanon/internal/cli/cli.go:87.15,88.26 1 0
github.com/alenon/gokanon/internal/cli/cli.go:89.20,90.31 1 0
github.com/alenon/gokanon/internal/cli/cli.go:91.15,92.26 1 0
github.com/alenon/gokanon/internal/cli/cli.go:93.16,94.27 1 0
github.com/alenon/gokanon/internal/cli/cli.go:95.18,96.29 1 0
github.com/alenon/gokanon/internal/cli/cli.go:97.16,98.27 1 0
github.com/alenon/gokanon/internal/cli/cli.go:99.26,100.32 1 0
github.com/alenon/gokanon/internal/cli/cli.go:101.20,102.31 1 0
github.com/alenon/gokanon/internal/cli/cli.go:103.30,105.13 2 0
github.com/alenon/gokanon/internal/cli/cli.go:106.10,113.4 1 0
github.com/alenon/gokanon/internal/stats/stats.go:28.30,30.2 1 11
github.com/alenon/gokanon/internal/stats/stats.go:33.82,37.27 2 1
github.com/alenon/gokanon/internal/stats/stats.go:37.27,38.38 1 3
github.com/alenon/gokanon/internal/stats/stats.go:38.38,40.4 1 6
github.com/alenon/gokanon/internal/stats/stats.go:44.2,45.36 2 1
github.com/alenon/gokanon/internal/stats/stats.go:45.36,47.3 1 2
github.com/alenon/gokanon/internal/stats/stats.go:49.2,49.14 1 1
github.com/alenon/gokanon/internal/stats/stats.go:53.73,54.22 1 9
github.com/alenon/gokanon/internal/stats/stats.go:54.22,56.3 1 1
github.com/alenon/gokanon/internal/stats/stats.go:59.2,72.27 6 8
github.com/alenon/gokanon/internal/stats/stats.go:72.27,74.3 1 31
github.com/alenon/gokanon/internal/stats/stats.go:75.2,78.24 2 8
github.com/alenon/gokanon/internal/stats/stats.go:78.24,80.3 1 3
github.com/alenon/gokanon/internal/stats/stats.go:80.8,82.3 1 5
github.com/alenon/gokanon/internal/stats/stats.go:85.2,86.27 2 8
github.com/alenon/gokanon/internal/stats/stats.go:86.27,89.3 2 31
github.com/alenon/gokanon/internal/stats/stats.go:90.2,94.21 3 8
github.com/alenon/gokanon/internal/stats/stats.go:94.21,96.3 1 8
github.com/alenon/gokanon/internal/stats/stats.go:98.2,98.14 1 8
github.com/alenon/gokanon/internal/stats/stats.go:102.39,114.2 1 1
github.com/alenon/gokanon/internal/stats/stats.go:117.50,119.2 1 5
github.com/alenon/gokanon/internal/stats/stats.go:130.98,134.27 3 5
github.com/alenon/gokanon/internal/stats/stats.go:134.27,135.38 1 15
github.com/alenon/gokanon/internal/stats/stats.go:135.38,136.36 1 15
github.com/alenon/gokanon/internal/stats/stats.go:136.36,139.10 3 13
github.com/alenon/gokanon/internal/stats/stats.go:144.2,144.21 1 5
github.com/alenon/gokanon/internal/stats/stats.go:144.21,146.3 1 2
github.com/alenon/gokanon/internal/stats/stats.go:149.2,152.27 3 3
github.com/alenon/gokanon/internal/stats/stats.go:152.27,153.16 1 2
github.com/alenon/gokanon/internal/stats/stats.go:153.16,155.4 1 1
github.com/alenon/gokanon/internal/stats/stats.go:155.9,157.4 1 1
github.com/alenon/gokanon/internal/stats/stats.go:160.2,165.3 1 3
github.com/alenon/gokanon/internal/stats/stats.go:170.67,174.30 3 5
github.com/alenon/gokanon/internal/stats/stats.go:174.30,180.3 5 22
github.com/alenon/gokanon/internal/stats/stats.go:183.2,191.30 6 5
github.com/alenon/gokanon/internal/stats/stats.go:191.30,195.3 3 22
github.com/alenon/gokanon/internal/stats/stats.go:197.2,198.16 2 5
github.com/alenon/gokanon/internal/stats/stats.go:198.16,200.3 1 5
github.com/alenon/gokanon/internal/stats/stats.go:202.2,202.35 1 5
github.com/alenon/gokanon/internal/storage/storage.go:25.38,26.15 1 28
github.com/alenon/gokanon/internal/storage/storage.go:26.15,28.3 1 1
github.com/alenon/gokanon/internal/storage/storage.go:29.2,29.27 1 28
github.com/alenon/gokanon/internal/storage/storage.go:33.56,35.49 1 16
github.com/alenon/gokanon/internal/storage/storage.go:35.49,37.3 1 0
github.com/alenon/gokanon/internal/storage/storage.go:40.2,44.16 3 16
github.com/alenon/gokanon/internal/storage/storage.go:44.16,46.3 1 0
github.com/alenon/gokanon/internal/storage/storage.go:49.2,49.59 1 16
github.com/alenon/gokanon/internal/storage/storage.go:49.59,51.3 1 0
github.com/alenon/gokanon/internal/storage/storage.go:53.2,53.12 1 16
github.com/alenon/gokanon/internal/storage/storage.go:57.65,61.16 3 18
github.com/alenon/gokanon/internal/storage/storage.go:61.16,63.3 1 2
github.com/alenon/gokanon/internal/storage/storage.go:65.2,66.51 2 16
github.com/alenon/gokanon/internal/storage/storage.go:66.51,68.3 1 1
github.com/alenon/gokanon/internal/storage/storage.go:70.2,70.18 1 15
github.com/alenon/gokanon/internal/storage/storage.go:74.57,76.50 1 6
github.com/alenon/gokanon/internal/storage/storage.go:76.50,78.3 1 0
github.com/alenon/gokanon/internal/storage/storage.go:80.2,81.16 2 6
github.com/alenon/gokanon/internal/storage/storage.go:81.16,83.3 1 0
github.com/alenon/gokanon/internal/storage/storage.go:85.2,86.32 2 6
github.com/alenon/gokanon/internal/storage/storage.go:86.32,87.61 1 10
github.com/alenon/gokanon/internal/storage/storage.go:87.61,88.12 1 2
github.com/alenon/gokanon/internal/storage/storage.go:91.3,93.17 3 8
github.com/alenon/gokanon/internal/storage/storage.go:93.17,94.12 1 1
github.com/alenon/gokanon/internal/storage/storage.go:96.3,96.28 1 7
github.com/alenon/gokanon/internal/storage/storage.go:100.2,100.39 1 6
github.com/alenon/gokanon/internal/storage/storage.go:100.39,102.3 1 5
github.com/alenon/gokanon/internal/storage/storage.go:104.2,104.18 1 6
github.com/alenon/gokanon/internal/storage/storage.go:108.43,110.44 2 3
github.com/alenon/gokanon/internal/storage/storage.go:110.44,112.3 1 1
github.com/alenon/gokanon/internal/storage/storage.go:115.2,116.47 2 2
github.com/alenon/gokanon/internal/storage/storage.go:116.47,117.50 1 1
github.com/alenon/gokanon/internal/storage/storage.go:117.50,120.4 1 0
github.com/alenon/gokanon/internal/storage/storage.go:123.2,123.12 1 2
github.com/alenon/gokanon/internal/storage/storage.go:127.61,129.16 2 3
github.com/alenon/gokanon/internal/storage/storage.go:129.16,131.3 1 0
github.com/alenon/gokanon/internal/storage/storage.go:133.2,133.20 1 3
github.com/alenon/gokanon/internal/storage/storage.go:133.20,135.3 1 2
github.com/alenon/gokanon/internal/storage/storage.go:137.2,137.22 1 1
github.com/alenon/gokanon/internal/storage/storage.go:141.54,143.2 1 26
github.com/alenon/gokanon/internal/storage/storage.go:146.58,148.2 1 10
github.com/alenon/gokanon/internal/storage/storage.go:151.61,153.2 1 5
github.com/alenon/gokanon/internal/storage/storage.go:156.80,160.54 2 7
github.com/alenon/gokanon/internal/storage/storage.go:160.54,162.3 1 1
github.com/alenon/gokanon/internal/storage/storage.go:165.2,166.21 2 6
github.com/alenon/gokanon/internal/storage/storage.go:167.13,168.40 1 3
github.com/alenon/gokanon/internal/storage/storage.go:169.23,170.43 1 2
github.com/alenon/gokanon/internal/storage/storage.go:171.10,172.61 1 1
github.com/alenon/gokanon/internal/storage/storage.go:176.2,177.16 2 5
github.com/alenon/gokanon/internal/storage/storage.go:177.16,179.3 1 0
github.com/alenon/gokanon/internal/storage/storage.go:180.2,183.46 2 5
github.com/alenon/gokanon/internal/storage/storage.go:183.46,185.3 1 0
github.com/alenon/gokanon/internal/storage/storage.go:187.2,187.12 1 5
github.com/alenon/gokanon/internal/storage/storage.go:191.74,193.21 2 5
github.com/alenon/gokanon/internal/storage/storage.go:194.13,195.40 1 2
github.com/alenon/gokanon/internal/storage/storage.go:196.23,197.43 1 2
github.com/alenon/gokanon/internal/storage/storage.go:198.10,199.66 1 1
github.com/alenon/gokanon/internal/storage/storage.go:202.2,203.16 2 4
github.com/alenon/gokanon/internal/storage/storage.go:203.16,205.3 1 1
github.com/alenon/gokanon/internal/storage/storage.go:207.2,207.18 1 3
github.com/alenon/gokanon/internal/storage/storage.go:211.62,213.21 2 5
github.com/alenon/gokanon/internal/storage/storage.go:214.13,215.40 1 4
github.com/alenon/gokanon/internal/storage/storage.go:216.23,217.43 1 0
github.com/alenon/gokanon/internal/storage/storage.go:218.10,219.15 1 1
github.com/alenon/gokanon/internal/storage/storage.go:222.2,223.19 2 4
github.com/alenon/gokanon/internal/storage/storage.go:227.43,229.2 1 26
github.com/alenon/gokanon/internal/storage/storage.go:232.115,235.16 2 8
github.com/alenon/gokanon/internal/storage/storage.go:235.16,237.3 1 1
github.com/alenon/gokanon/internal/storage/storage.go:240.2,251.55 3 7
github.com/alenon/gokanon/internal/storage/storage.go:251.55,253.3 1 0
github.com/alenon/gokanon/internal/storage/storage.go:256.2,258.16 3 7
github.com/alenon/gokanon/internal/storage/storage.go:258.16,260.3 1 0
github.com/alenon/gokanon/internal/storage/storage.go:262.2,262.59 1 7
github.com/alenon/gokanon/internal/storage/storage.go:262.59,264.3 1 0
github.com/alenon/gokanon/internal/storage/storage.go:266.2,266.22 1 7
github.com/alenon/gokanon/internal/storage/storage.go:270.71,274.16 3 8
github.com/alenon/gokanon/internal/storage/storage.go:274.16,276.3 1 1
github.com/alenon/gokanon/internal/storage/storage.go:278.2,279.56 2 7
github.com/alenon/gokanon/internal/storage/storage.go:279.56,281.3 1 1
github.com/alenon/gokanon/internal/storage/storage.go:283.2,283.23 1 6
github.com/alenon/gokanon/internal/storage/storage.go:287.62,291.56 2 4
github.com/alenon/gokanon/internal/storage/storage.go:291.56,293.3 1 1
github.com/alenon/gokanon/internal/storage/storage.go:295.2,296.16 2 3
github.com/alenon/gokanon/internal/storage/storage.go:296.16,298.3 1 0
github.com/alenon/gokanon/internal/storage/storage.go:300.2,301.32 2 3
github.com/alenon/gokanon/internal/storage/storage.go:301.32,302.61 1 8
github.com/alenon/gokanon/internal/storage/storage.go:302.61,303.12 1 2
github.com/alenon/gokanon/internal/storage/storage.go:306.3,308.17 3 6
github.com/alenon/gokanon/internal/storage/storage.go:308.17,309.12 1 1
github.com/alenon/gokanon/internal/storage/storage.go:311.3,311.43 1 5
github.com/alenon/gokanon/internal/storage/storage.go:315.2,315.44 1 3
github.com/alenon/gokanon/internal/storage/storage.go:315.44,317.3 1 3
github.com/alenon/gokanon/internal/storage/storage.go:319.2,319.23 1 3
github.com/alenon/gokanon/internal/storage/storage.go:323.53,325.44 2 2
github.com/alenon/gokanon/internal/storage/storage.go:325.44,327.3 1 1
github.com/alenon/gokanon/internal/storage/storage.go:328.2,328.12 1 1
github.com/alenon/gokanon/internal/storage/storage.go:332.49,336.2 3 3
github.com/alenon/gokanon/internal/threshold/threshold.go:30.50,34.2 1 7
github.com/alenon/gokanon/internal/threshold/threshold.go:37.66,43.35 2 8
github.com/alenon/gokanon/internal/threshold/threshold.go:43.35,45.43 1 12
github.com/alenon/gokanon/internal/threshold/threshold.go:45.43,57.4 2 3
github.com/alenon/gokanon/internal/threshold/threshold.go:60.2,60.15 1 8
github.com/alenon/gokanon/internal/threshold/threshold.go:64.42,65.19 1 2
github.com/alenon/gokanon/internal/threshold/threshold.go:65.19,67.3 1 1
github.com/alenon/gokanon/internal/threshold/threshold.go:69.2,72.42 2 1
github.com/alenon/gokanon/internal/threshold/threshold.go:72.42,74.3 1 2
github.com/alenon/gokanon/internal/threshold/threshold.go:76.2,76.15 1 1
github.com/alenon/gokanon/internal/threshold/threshold.go:80.33,81.14 1 2
github.com/alenon/gokanon/internal/threshold/threshold.go:81.14,83.3 1 1
github.com/alenon/gokanon/internal/threshold/threshold.go:84.2,84.10 1 1
github.com/alenon/gokanon/internal/webserver/server.go:25.61,30.2 1 12
github.com/alenon/gokanon/internal/webserver/server.go:33.44,36.16 2 0
github.com/alenon/gokanon/internal/webserver/server.go:36.16,38.3 1 0
github.com/alenon/gokanon/internal/webserver/server.go:40.2,40.53 1 0
github.com/alenon/gokanon/internal/webserver/server.go:40.53,42.3 1 0
github.com/alenon/gokanon/internal/webserver/server.go:45.2,48.67 2 0
github.com/alenon/gokanon/internal/webserver/server.go:48.67,50.3 1 0
github.com/alenon/gokanon/internal/webserver/server.go:53.2,53.26 1 0
github.com/alenon/gokanon/internal/webserver/server.go:53.26,54.71 1 0
github.com/alenon/gokanon/internal/webserver/server.go:54.71,56.4 1 0
github.com/alenon/gokanon/internal/webserver/server.go:57.3,57.82 1 0
github.com/alenon/gokanon/internal/webserver/server.go:57.82,59.4 1 0
github.com/alenon/gokanon/internal/webserver/server.go:63.2,63.29 1 0
github.com/alenon/gokanon/internal/webserver/server.go:63.29,64.71 1 0
github.com/alenon/gokanon/internal/webserver/server.go:64.71,66.4 1 0
github.com/alenon/gokanon/internal/webserver/server.go:67.3,67.82 1 0
github.com/alenon/gokanon/internal/webserver/server.go:67.82,69.4 1 0
github.com/alenon/gokanon/internal/webserver/server.go:73.2,73.53 1 0
github.com/alenon/gokanon/internal/webserver/server.go:73.53,74.75 1 0
github.com/alenon/gokanon/internal/webserver/server.go:74.75,76.4 1 0
github.com/alenon/gokanon/internal/webserver/server.go:80.2,86.39 5 0
github.com/alenon/gokanon/internal/webserver/server.go:90.96,91.23 1 3
github.com/alenon/gokanon/internal/webserver/server.go:91.23,94.3 2 1
github.com/alenon/gokanon/internal/webserver/server.go:97.2,98.37 1 2
github.com/alenon/gokanon/internal/webserver/server.go:98.37,99.14 1 0
github.com/alenon/gokanon/internal/webserver/server.go:99.14,101.5 1 0
github.com/alenon/gokanon/internal/webserver/server.go:102.4,102.16 1 0
github.com/alenon/gokanon/internal/webserver/server.go:104.36,106.4 1 0
github.com/alenon/gokanon/internal/webserver/server.go:109.2,123.23 4 2
github.com/alenon/gokanon/internal/webserver/server.go:127.99,130.16 2 2
github.com/alenon/gokanon/internal/webserver/server.go:130.16,133.3 2 1
github.com/alenon/gokanon/internal/webserver/server.go:136.2,138.15 3 1
github.com/alenon/gokanon/internal/webserver/server.go:142.108,144.48 1 2
github.com/alenon/gokanon/internal/webserver/server.go:144.48,147.3 2 1
github.com/alenon/gokanon/internal/webserver/server.go:150.2,160.16 7 1
github.com/alenon/gokanon/internal/webserver/server.go:160.16,164.3 2 0
github.com/alenon/gokanon/internal/webserver/server.go:167.2,173.4 3 1
github.com/alenon/gokanon/internal/webserver/server.go:177.100,179.16 2 1
github.com/alenon/gokanon/internal/webserver/server.go:179.16,182.3 2 0
github.com/alenon/gokanon/internal/webserver/server.go:185.2,186.16 2 1
github.com/alenon/gokanon/internal/webserver/server.go:186.16,189.3 2 0
github.com/alenon/gokanon/internal/webserver/server.go:192.2,202.4 7 1
github.com/alenon/gokanon/internal/webserver/server.go:206.98,210.2 3 1
github.com/alenon/gokanon/internal/webserver/server.go:213.71,216.2 2 1
github.com/alenon/gokanon/internal/ui/colors.go:43.13,44.13 1 1
github.com/alenon/gokanon/internal/ui/colors.go:44.13,46.3 1 1
github.com/alenon/gokanon/internal/ui/colors.go:50.24,53.2 2 1
github.com/alenon/gokanon/internal/ui/colors.go:56.55,58.2 1 2
github.com/alenon/gokanon/internal/ui/colors.go:61.53,63.2 1 1
github.com/alenon/gokanon/internal/ui/colors.go:66.55,68.2 1 1
github.com/alenon/gokanon/internal/ui/colors.go:71.52,73.2 1 1
github.com/alenon/gokanon/internal/ui/colors.go:76.31,80.2 3 1
github.com/alenon/gokanon/internal/ui/colors.go:83.40,85.2 1 1
github.com/alenon/gokanon/internal/ui/colors.go:88.49,89.23 1 3
github.com/alenon/gokanon/internal/ui/colors.go:89.23,91.3 1 1
github.com/alenon/gokanon/internal/ui/colors.go:91.8,91.30 1 2
github.com/alenon/gokanon/internal/ui/colors.go:91.30,93.3 1 1
github.com/alenon/gokanon/internal/ui/colors.go:94.2,94.50 1 1
github.com/alenon/gokanon/internal/ui/colors.go:98.40,99.15 1 4
github.com/alenon/gokanon/internal/ui/colors.go:99.15,101.3 1 1
github.com/alenon/gokanon/internal/ui/colors.go:101.8,101.25 1 3
github.com/alenon/gokanon/internal/ui/colors.go:101.25,103.3 1 1
github.com/alenon/gokanon/internal/ui/colors.go:103.8,103.28 1 2
github.com/alenon/gokanon/internal/ui/colors.go:103.28,105.3 1 1
github.com/alenon/gokanon/internal/ui/colors.go:106.2,106.52 1 1
github.com/alenon/gokanon/internal/ui/colors.go:110.40,111.18 1 4
github.com/alenon/gokanon/internal/ui/colors.go:111.18,113.3 1 1
github.com/alenon/gokanon/internal/ui/colors.go:113.8,113.30 1 3
github.com/alenon/gokanon/internal/ui/colors.go:113.30,115.3 1 1
github.com/alenon/gokanon/internal/ui/colors.go:115.8,115.35 1 2
github.com/alenon/gokanon/internal/ui/colors.go:115.35,117.3 1 1
github.com/alenon/gokanon/internal/ui/colors.go:118.2,118.62 1 1
github.com/alenon/gokanon/internal/ui/colors.go:122.44,124.25 2 17
github.com/alenon/gokanon/internal/ui/colors.go:124.25,126.3 1 407
github.com/alenon/gokanon/internal/ui/colors.go:127.2,127.15 1 17
github.com/alenon/gokanon/internal/ui/errors.go:17.46,21.18 3 14
github.com/alenon/gokanon/internal/ui/errors.go:21.18,24.3 2 6
github.com/alenon/gokanon/internal/ui/errors.go:26.2,26.28 1 14
github.com/alenon/gokanon/internal/ui/errors.go:26.28,29.44 3 12
github.com/alenon/gokanon/internal/ui/errors.go:29.44,31.4 1 31
github.com/alenon/gokanon/internal/ui/errors.go:34.2,34.19 1 14
github.com/alenon/gokanon/internal/ui/errors.go:38.46,40.2 1 4
github.com/alenon/gokanon/internal/ui/errors.go:43.86,49.2 1 23
github.com/alenon/gokanon/internal/ui/errors.go:54.27,62.2 1 2
github.com/alenon/gokanon/internal/ui/errors.go:65.62,70.27 2 3
github.com/alenon/gokanon/internal/ui/errors.go:70.27,72.3 1 1
github.com/alenon/gokanon/internal/ui/errors.go:74.2,78.3 1 3
github.com/alenon/gokanon/internal/ui/errors.go:82.42,91.2 1 2
github.com/alenon/gokanon/internal/ui/errors.go:94.46,102.2 1 2
github.com/alenon/gokanon/internal/ui/errors.go:105.43,113.2 1 2
github.com/alenon/gokanon/internal/ui/errors.go:116.45,124.2 1 2
github.com/alenon/gokanon/internal/ui/errors.go:127.44,134.2 1 2
github.com/alenon/gokanon/internal/ui/errors.go:137.46,145.2 1 2
github.com/alenon/gokanon/internal/ui/errors.go:148.49,149.16 1 1
github.com/alenon/gokanon/internal/ui/errors.go:149.16,151.3 1 1
github.com/alenon/gokanon/internal/ui/errors.go:153.2,155.19 3 0
github.com/alenon/gokanon/internal/ui/progress.go:19.63,32.41 1 12
github.com/alenon/gokanon/internal/ui/progress.go:32.41,34.4 1 9
github.com/alenon/gokanon/internal/ui/progress.go:37.2,37.31 1 12
github.com/alenon/gokanon/internal/ui/progress.go:41.63,46.41 1 1
github.com/alenon/gokanon/internal/ui/progress.go:46.41,48.4 1 1
github.com/alenon/gokanon/internal/ui/progress.go:51.2,51.31 1 1
github.com/alenon/gokanon/internal/ui/progress.go:55.42,57.2 1 14
github.com/alenon/gokanon/internal/ui/progress.go:60.42,62.2 1 11
github.com/alenon/gokanon/internal/ui/progress.go:65.38,67.2 1 11
github.com/alenon/gokanon/internal/ui/progress.go:70.37,72.2 1 1
github.com/alenon/gokanon/internal/ui/progress.go:75.52,77.2 1 4
github.com/alenon/gokanon/internal/ui/progress.go:91.18,105.27 2 24
github.com/alenon/gokanon/internal/ui/progress.go:105.27,106.25 1 216
github.com/alenon/gokanon/internal/ui/progress.go:106.25,108.4 1 0
github.com/alenon/gokanon/internal/ui/progress.go:110.2,110.14 1 24
github.com/alenon/gokanon/internal/ui/progress.go:114.42,121.2 1 16
github.com/alenon/gokanon/internal/ui/progress.go:124.27,125.17 1 13
github.com/alenon/gokanon/internal/ui/progress.go:125.17,127.3 1 1
github.com/alenon/gokanon/internal/ui/progress.go:129.2,132.12 2 12
github.com/alenon/gokanon/internal/ui/progress.go:132.12,141.3 5 0
github.com/alenon/gokanon/internal/ui/progress.go:143.2,143.12 1 12
github.com/alenon/gokanon/internal/ui/progress.go:143.12,147.7 3 12
github.com/alenon/gokanon/internal/ui/progress.go:147.7,148.11 1 34
github.com/alenon/gokanon/internal/ui/progress.go:149.22,150.11 1 12
github.com/alenon/gokanon/internal/ui/progress.go:151.20,160.59 5 22
github.com/alenon/gokanon/internal/ui/progress.go:167.26,168.18 1 14
github.com/alenon/gokanon/internal/ui/progress.go:168.18,170.3 1 2
github.com/alenon/gokanon/internal/ui/progress.go:173.2,173.12 1 12
github.com/alenon/gokanon/internal/ui/progress.go:173.12,176.3 2 0
github.com/alenon/gokanon/internal/ui/progress.go:178.2,185.61 6 12
github.com/alenon/gokanon/internal/ui/progress.go:189.49,193.2 3 2
github.com/alenon/gokanon/internal/runner/runner.go:36.57,41.2 1 10
github.com/alenon/gokanon/internal/runner/runner.go:44.62,47.2 2 2
github.com/alenon/gokanon/internal/runner/runner.go:50.54,55.16 3 4
github.com/alenon/gokanon/internal/runner/runner.go:55.16,57.3 1 0
github.com/alenon/gokanon/internal/runner/runner.go:60.2,64.16 3 4
github.com/alenon/gokanon/internal/runner/runner.go:64.16,66.3 1 0
github.com/alenon/gokanon/internal/runner/runner.go:67.2,74.29 4 4
github.com/alenon/gokanon/internal/runner/runner.go:74.29,75.33 1 1
github.com/alenon/gokanon/internal/runner/runner.go:75.33,78.4 2 1
github.com/alenon/gokanon/internal/runner/runner.go:79.3,79.36 1 1
github.com/alenon/gokanon/internal/runner/runner.go:79.36,82.4 2 1
github.com/alenon/gokanon/internal/runner/runner.go:85.2,85.25 1 4
github.com/alenon/gokanon/internal/runner/runner.go:85.25,87.3 1 4
github.com/alenon/gokanon/internal/runner/runner.go:87.8,89.3 1 0
github.com/alenon/gokanon/internal/runner/runner.go:92.2,97.34 5 4
github.com/alenon/gokanon/internal/runner/runner.go:97.34,99.3 1 1
github.com/alenon/gokanon/internal/runner/runner.go:102.2,103.16 2 3
github.com/alenon/gokanon/internal/runner/runner.go:103.16,105.3 1 0
github.com/alenon/gokanon/internal/runner/runner.go:107.2,120.64 3 3
github.com/alenon/gokanon/internal/runner/runner.go:120.64,121.79 1 1
github.com/alenon/gokanon/internal/runner/runner.go:121.79,124.4 1 0
github.com/alenon/gokanon/internal/runner/runner.go:127.2,127.17 1 3
github.com/alenon/gokanon/internal/runner/runner.go:131.79,142.21 6 10
github.com/alenon/gokanon/internal/runner/runner.go:142.21,146.21 3 59
github.com/alenon/gokanon/internal/runner/runner.go:146.21,158.24 5 32
github.com/alenon/gokanon/internal/runner/runner.go:158.24,160.5 1 2
github.com/alenon/gokanon/internal/runner/runner.go:163.4,163.24 1 32
github.com/alenon/gokanon/internal/runner/runner.go:163.24,165.5 1 31
github.com/alenon/gokanon/internal/runner/runner.go:168.4,168.24 1 32
github.com/alenon/gokanon/internal/runner/runner.go:168.24,170.5 1 31
github.com/alenon/gokanon/internal/runner/runner.go:172.4,172.37 1 32
github.com/alenon/gokanon/internal/runner/runner.go:176.2,176.38 1 10
github.com/alenon/gokanon/internal/runner/runner.go:176.38,178.3 1 0
github.com/alenon/gokanon/internal/runner/runner.go:180.2,180.23 1 10
github.com/alenon/gokanon/internal/runner/runner.go:180.23,182.3 1 2
github.com/alenon/gokanon/internal/runner/runner.go:184.2,184.21 1 8
github.com/alenon/gokanon/internal/runner/runner.go:188.49,191.16 3 5
github.com/alenon/gokanon/internal/runner/runner.go:191.16,193.3 1 0
github.com/alenon/gokanon/internal/runner/runner.go:194.2,194.47 1 5
github.com/alenon/gokanon/internal/runner/runner.go:198.26,200.2 1 5
github.com/alenon/gokanon/internal/runner/runner.go:203.104,208.26 3 1
github.com/alenon/gokanon/internal/runner/runner.go:208.26,209.52 1 1
github.com/alenon/gokanon/internal/runner/runner.go:209.52,212.18 2 1
github.com/alenon/gokanon/internal/runner/runner.go:212.18,214.5 1 0
github.com/alenon/gokanon/internal/runner/runner.go:217.4,217.85 1 1
github.com/alenon/gokanon/internal/runner/runner.go:217.85,219.5 1 0
github.com/alenon/gokanon/internal/runner/runner.go:222.4,225.59 2 1
github.com/alenon/gokanon/internal/runner/runner.go:225.59,227.5 1 0
github.com/alenon/gokanon/internal/runner/runner.go:232.2,232.26 1 1
github.com/alenon/gokanon/internal/runner/runner.go:232.26,233.52 1 1
github.com/alenon/gokanon/internal/runner/runner.go:233.52,236.18 2 1
github.com/alenon/gokanon/internal/runner/runner.go:236.18,238.5 1 0
github.com/alenon/gokanon/internal/runner/runner.go:241.4,241.88 1 1
github.com/alenon/gokanon/internal/runner/runner.go:241.88,243.5 1 0
github.com/alenon/gokanon/internal/runner/runner.go:246.4,249.62 2 1
github.com/alenon/gokanon/internal/runner/runner.go:249.62,251.5 1 0
github.com/alenon/gokanon/internal/runner/runner.go:256.2,256.53 1 1
github.com/alenon/gokanon/internal/runner/runner.go:256.53,258.17 2 1
github.com/alenon/gokanon/internal/runner/runner.go:258.17,260.4 1 0
github.com/alenon/gokanon/internal/runner/runner.go:260.9,263.18 2 1
github.com/alenon/gokanon/internal/runner/runner.go:263.18,266.5 2 0
github.com/alenon/gokanon/internal/runner/runner.go:266.10,268.19 2 1
github.com/alenon/gokanon/internal/runner/runner.go:268.19,271.6 2 0
github.com/alenon/gokanon/internal/runner/runner.go:271.11,273.6 1 1
github.com/alenon/gokanon/internal/runner/runner.go:278.2,278.12 1 1
